[0.020s] Invoking command in '/home/jalan/auv_ws/src/auv_ros2/build/auv_description': CMAKE_PREFIX_PATH=/opt/ros/humble /usr/bin/cmake /home/jalan/auv_ws/src/auv_ros2/auv_description -DAMENT_CMAKE_SYMLINK_INSTALL=1 -DCMAKE_INSTALL_PREFIX=/home/jalan/auv_ws/src/auv_ros2/install/auv_description
[0.079s] -- The C compiler identification is GNU 11.4.0
[0.142s] -- The CXX compiler identification is GNU 11.4.0
[0.149s] -- Detecting C compiler ABI info
[0.226s] -- Detecting C compiler ABI info - done
[0.233s] -- Check for working C compiler: /usr/bin/cc - skipped
[0.233s] -- Detecting C compile features
[0.233s] -- Detecting C compile features - done
[0.236s] -- Detecting CXX compiler ABI info
[0.326s] -- Detecting CXX compiler ABI info - done
[0.333s] -- Check for working CXX compiler: /usr/bin/c++ - skipped
[0.334s] -- Detecting CXX compile features
[0.334s] -- Detecting CXX compile features - done
[0.343s] -- Found ament_cmake_auto: 1.3.11 (/opt/ros/humble/share/ament_cmake_auto/cmake)
[0.519s] -- Found Python3: /usr/bin/python3 (found version "3.10.12") found components: Interpreter 
[0.598s] -- Override CMake install command with custom implementation using symlinks instead of copying resources
[0.694s] -- Found ament_lint_auto: 0.12.11 (/opt/ros/humble/share/ament_lint_auto/cmake)
[0.750s] -- Added test 'lint_cmake' to check CMake code style
[0.761s] -- Added test 'xmllint' to check XML markup files
[0.763s] -- Configuring done
[0.767s] -- Generating done
[0.768s] -- Build files have been written to: /home/jalan/auv_ws/src/auv_ros2/build/auv_description
