[0.022s] Invoking command in '/home/jalan/auv_ws/src/auv_ros2/build/auv_autonomy': CMAKE_PREFIX_PATH=/opt/ros/humble /usr/bin/cmake --build /home/jalan/auv_ws/src/auv_ros2/build/auv_autonomy -- -j12 -l12
[0.086s] [100%] Built target forward
[0.100s] Invoked command in '/home/jalan/auv_ws/src/auv_ros2/build/auv_autonomy' returned '0': CMAKE_PREFIX_PATH=/opt/ros/humble /usr/bin/cmake --build /home/jalan/auv_ws/src/auv_ros2/build/auv_autonomy -- -j12 -l12
[0.103s] Invoking command in '/home/jalan/auv_ws/src/auv_ros2/build/auv_autonomy': CMAKE_PREFIX_PATH=/opt/ros/humble /usr/bin/cmake --install /home/jalan/auv_ws/src/auv_ros2/build/auv_autonomy
[0.111s] -- Install configuration: ""
[0.112s] -- Execute custom install script
[0.112s] -- Up-to-date symlink: /home/jalan/auv_ws/src/auv_ros2/install/auv_autonomy/lib/auv_autonomy/forward
[0.112s] -- Up-to-date symlink: /home/jalan/auv_ws/src/auv_ros2/install/auv_autonomy/share/ament_index/resource_index/package_run_dependencies/auv_autonomy
[0.113s] -- Up-to-date symlink: /home/jalan/auv_ws/src/auv_ros2/install/auv_autonomy/share/ament_index/resource_index/parent_prefix_path/auv_autonomy
[0.113s] -- Up-to-date symlink: /home/jalan/auv_ws/src/auv_ros2/install/auv_autonomy/share/auv_autonomy/environment/ament_prefix_path.sh
[0.113s] -- Up-to-date symlink: /home/jalan/auv_ws/src/auv_ros2/install/auv_autonomy/share/auv_autonomy/environment/ament_prefix_path.dsv
[0.113s] -- Up-to-date symlink: /home/jalan/auv_ws/src/auv_ros2/install/auv_autonomy/share/auv_autonomy/environment/path.sh
[0.113s] -- Up-to-date symlink: /home/jalan/auv_ws/src/auv_ros2/install/auv_autonomy/share/auv_autonomy/environment/path.dsv
[0.114s] -- Up-to-date symlink: /home/jalan/auv_ws/src/auv_ros2/install/auv_autonomy/share/auv_autonomy/local_setup.bash
[0.114s] -- Up-to-date symlink: /home/jalan/auv_ws/src/auv_ros2/install/auv_autonomy/share/auv_autonomy/local_setup.sh
[0.114s] -- Up-to-date symlink: /home/jalan/auv_ws/src/auv_ros2/install/auv_autonomy/share/auv_autonomy/local_setup.zsh
[0.114s] -- Up-to-date symlink: /home/jalan/auv_ws/src/auv_ros2/install/auv_autonomy/share/auv_autonomy/local_setup.dsv
[0.115s] -- Symlinking: /home/jalan/auv_ws/src/auv_ros2/install/auv_autonomy/share/auv_autonomy/package.dsv
[0.125s] -- Up-to-date symlink: /home/jalan/auv_ws/src/auv_ros2/install/auv_autonomy/share/ament_index/resource_index/packages/auv_autonomy
[0.125s] -- Up-to-date symlink: /home/jalan/auv_ws/src/auv_ros2/install/auv_autonomy/share/auv_autonomy/cmake/ament_cmake_export_dependencies-extras.cmake
[0.125s] -- Up-to-date symlink: /home/jalan/auv_ws/src/auv_ros2/install/auv_autonomy/share/auv_autonomy/cmake/auv_autonomyConfig.cmake
[0.125s] -- Up-to-date symlink: /home/jalan/auv_ws/src/auv_ros2/install/auv_autonomy/share/auv_autonomy/cmake/auv_autonomyConfig-version.cmake
[0.125s] -- Up-to-date symlink: /home/jalan/auv_ws/src/auv_ros2/install/auv_autonomy/share/auv_autonomy/package.xml
[0.144s] Invoked command in '/home/jalan/auv_ws/src/auv_ros2/build/auv_autonomy' returned '0': CMAKE_PREFIX_PATH=/opt/ros/humble /usr/bin/cmake --install /home/jalan/auv_ws/src/auv_ros2/build/auv_autonomy
