-- Install configuration: ""
-- Execute custom install script
-- Symlinking: /home/jalan/auv_ws/src/auv_ros2/install/auv_bringup/share/auv_bringup//launch/sim_launch.py
-- Symlinking: /home/jalan/auv_ws/src/auv_ros2/install/auv_bringup/share/auv_bringup//cfg/gz_blue.config
-- Symlinking: /home/jalan/auv_ws/src/auv_ros2/install/auv_bringup/share/auv_bringup//cfg/sub.param
-- Symlinking: /home/jalan/auv_ws/src/auv_ros2/install/auv_bringup/share/auv_bringup//params/sim_mavros_params.yaml
-- Symlinking: /home/jalan/auv_ws/src/auv_ros2/install/auv_bringup/share/ament_index/resource_index/package_run_dependencies/auv_bringup
-- Symlinking: /home/jalan/auv_ws/src/auv_ros2/install/auv_bringup/share/ament_index/resource_index/parent_prefix_path/auv_bringup
-- Symlinking: /home/jalan/auv_ws/src/auv_ros2/install/auv_bringup/share/auv_bringup/environment/ament_prefix_path.sh
-- Symlinking: /home/jalan/auv_ws/src/auv_ros2/install/auv_bringup/share/auv_bringup/environment/ament_prefix_path.dsv
-- Symlinking: /home/jalan/auv_ws/src/auv_ros2/install/auv_bringup/share/auv_bringup/environment/path.sh
-- Symlinking: /home/jalan/auv_ws/src/auv_ros2/install/auv_bringup/share/auv_bringup/environment/path.dsv
-- Symlinking: /home/jalan/auv_ws/src/auv_ros2/install/auv_bringup/share/auv_bringup/local_setup.bash
-- Symlinking: /home/jalan/auv_ws/src/auv_ros2/install/auv_bringup/share/auv_bringup/local_setup.sh
-- Symlinking: /home/jalan/auv_ws/src/auv_ros2/install/auv_bringup/share/auv_bringup/local_setup.zsh
-- Symlinking: /home/jalan/auv_ws/src/auv_ros2/install/auv_bringup/share/auv_bringup/local_setup.dsv
-- Symlinking: /home/jalan/auv_ws/src/auv_ros2/install/auv_bringup/share/auv_bringup/package.dsv
-- Symlinking: /home/jalan/auv_ws/src/auv_ros2/install/auv_bringup/share/ament_index/resource_index/packages/auv_bringup
-- Symlinking: /home/jalan/auv_ws/src/auv_ros2/install/auv_bringup/share/auv_bringup/cmake/auv_bringupConfig.cmake
-- Symlinking: /home/jalan/auv_ws/src/auv_ros2/install/auv_bringup/share/auv_bringup/cmake/auv_bringupConfig-version.cmake
-- Symlinking: /home/jalan/auv_ws/src/auv_ros2/install/auv_bringup/share/auv_bringup/package.xml
