[0.022s] Invoking command in '/home/jalan/auv_ws/src/auv_ros2/build/auv_autonomy': CMAKE_PREFIX_PATH=/opt/ros/humble /usr/bin/cmake /home/jalan/auv_ws/src/auv_ros2/auv_autonomy -DAMENT_CMAKE_SYMLINK_INSTALL=1 -DCMAKE_INSTALL_PREFIX=/home/jalan/auv_ws/src/auv_ros2/install/auv_autonomy
[0.088s] -- The C compiler identification is GNU 11.4.0
[0.151s] -- The CXX compiler identification is GNU 11.4.0
[0.158s] -- Detecting C compiler ABI info
[0.235s] -- Detecting C compiler ABI info - done
[0.242s] -- Check for working C compiler: /usr/bin/cc - skipped
[0.242s] -- Detecting C compile features
[0.243s] -- Detecting C compile features - done
[0.249s] -- Detecting CXX compiler ABI info
[0.348s] -- Detecting CXX compiler ABI info - done
[0.355s] -- Check for working CXX compiler: /usr/bin/c++ - skipped
[0.355s] -- Detecting CXX compile features
[0.355s] -- Detecting CXX compile features - done
[0.358s] -- Found ament_cmake: 1.3.11 (/opt/ros/humble/share/ament_cmake/cmake)
[0.536s] -- Found Python3: /usr/bin/python3 (found version "3.10.12") found components: Interpreter 
[0.620s] -- Override CMake install command with custom implementation using symlinks instead of copying resources
[0.643s] -- Found rclcpp: 16.0.11 (/opt/ros/humble/share/rclcpp/cmake)
[0.695s] -- Found rosidl_generator_c: 3.1.6 (/opt/ros/humble/share/rosidl_generator_c/cmake)
[0.699s] -- Found rosidl_adapter: 3.1.6 (/opt/ros/humble/share/rosidl_adapter/cmake)
[0.707s] -- Found rosidl_generator_cpp: 3.1.6 (/opt/ros/humble/share/rosidl_generator_cpp/cmake)
[0.719s] -- Using all available rosidl_typesupport_c: rosidl_typesupport_fastrtps_c;rosidl_typesupport_introspection_c
[0.733s] -- Using all available rosidl_typesupport_cpp: rosidl_typesupport_fastrtps_cpp;rosidl_typesupport_introspection_cpp
[0.773s] -- Found rmw_implementation_cmake: 6.1.2 (/opt/ros/humble/share/rmw_implementation_cmake/cmake)
[0.775s] -- Found rmw_fastrtps_cpp: 6.2.7 (/opt/ros/humble/share/rmw_fastrtps_cpp/cmake)
[0.882s] -- Found OpenSSL: /usr/lib/x86_64-linux-gnu/libcrypto.so (found version "3.0.2")  
[0.912s] -- Found FastRTPS: /opt/ros/humble/include  
[0.960s] -- Using RMW implementation 'rmw_fastrtps_cpp' as default
[0.968s] -- Looking for pthread.h
[1.054s] -- Looking for pthread.h - found
[1.055s] -- Performing Test CMAKE_HAVE_LIBC_PTHREAD
[1.147s] -- Performing Test CMAKE_HAVE_LIBC_PTHREAD - Success
[1.148s] -- Found Threads: TRUE  
[1.193s] -- Found mavros: 2.9.0 (/opt/ros/humble/share/mavros/cmake)
[1.204s] -- Found mavros_msgs: 2.9.0 (/opt/ros/humble/share/mavros_msgs/cmake)
[1.279s] -- Found ament_lint_auto: 0.12.11 (/opt/ros/humble/share/ament_lint_auto/cmake)
[1.361s] -- Added test 'cppcheck' to perform static code analysis on C / C++ code
[1.361s] -- Configured cppcheck include dirs: 
[1.361s] -- Configured cppcheck exclude dirs and/or files: 
[1.361s] -- Added test 'lint_cmake' to check CMake code style
[1.362s] -- Added test 'uncrustify' to check C / C++ code style
[1.362s] -- Configured uncrustify additional arguments: 
[1.363s] -- Added test 'xmllint' to check XML markup files
[1.365s] -- Configuring done
[1.385s] -- Generating done
[1.389s] -- Build files have been written to: /home/jalan/auv_ws/src/auv_ros2/build/auv_autonomy
