[0.118s] DEBUG:colcon:Command line arguments: ['/home/jalan/.local/bin/colcon', 'build', '--symlink-install']
[0.118s] DEBUG:colcon:Parsed command line arguments: Namespace(log_base=None, log_level=None, verb_name='build', build_base='build', install_base='install', merge_install=False, symlink_install=True, test_result_base=None, continue_on_error=False, executor='parallel', parallel_workers=12, event_handlers=None, ignore_user_meta=False, metas=['./colcon.meta'], base_paths=['.'], packages_ignore=None, packages_ignore_regex=None, paths=None, packages_up_to=None, packages_up_to_regex=None, packages_above=None, packages_above_and_dependencies=None, packages_above_depth=None, packages_select_by_dep=None, packages_skip_by_dep=None, packages_skip_up_to=None, packages_select_build_failed=False, packages_skip_build_finished=False, packages_select_test_failures=False, packages_skip_test_passed=False, packages_select=None, packages_skip=None, packages_select_regex=None, packages_skip_regex=None, packages_start=None, packages_end=None, cmake_args=None, cmake_target=None, cmake_target_skip_unavailable=False, cmake_clean_cache=False, cmake_clean_first=False, cmake_force_configure=False, ament_cmake_args=None, catkin_cmake_args=None, catkin_skip_building_tests=False, verb_parser=<colcon_defaults.argument_parser.defaults.DefaultArgumentsDecorator object at 0x71d8693b8d00>, verb_extension=<colcon_core.verb.build.BuildVerb object at 0x71d8693b8640>, main=<bound method BuildVerb.main of <colcon_core.verb.build.BuildVerb object at 0x71d8693b8640>>)
[0.242s] Level 1:colcon.colcon_core.package_discovery:discover_packages(colcon_meta) check parameters
[0.242s] Level 1:colcon.colcon_core.package_discovery:discover_packages(recursive) check parameters
[0.243s] Level 1:colcon.colcon_core.package_discovery:discover_packages(ignore) check parameters
[0.243s] Level 1:colcon.colcon_core.package_discovery:discover_packages(path) check parameters
[0.243s] Level 1:colcon.colcon_core.package_discovery:discover_packages(colcon_meta) discover
[0.243s] Level 1:colcon.colcon_core.package_discovery:discover_packages(recursive) discover
[0.243s] INFO:colcon.colcon_core.package_discovery:Crawling recursively for packages in '/home/jalan/auv_ws/src/auv_ros2'
[0.243s] Level 1:colcon.colcon_core.package_identification:_identify(.) by extensions ['ignore', 'ignore_ament_install']
[0.243s] Level 1:colcon.colcon_core.package_identification:_identify(.) by extension 'ignore'
[0.243s] Level 1:colcon.colcon_core.package_identification:_identify(.) by extension 'ignore_ament_install'
[0.243s] Level 1:colcon.colcon_core.package_identification:_identify(.) by extensions ['colcon_pkg']
[0.243s] Level 1:colcon.colcon_core.package_identification:_identify(.) by extension 'colcon_pkg'
[0.243s] Level 1:colcon.colcon_core.package_identification:_identify(.) by extensions ['colcon_meta']
[0.243s] Level 1:colcon.colcon_core.package_identification:_identify(.) by extension 'colcon_meta'
[0.243s] Level 1:colcon.colcon_core.package_identification:_identify(.) by extensions ['ros']
[0.243s] Level 1:colcon.colcon_core.package_identification:_identify(.) by extension 'ros'
[0.253s] Level 1:colcon.colcon_core.package_identification:_identify(.) by extensions ['cmake', 'python']
[0.253s] Level 1:colcon.colcon_core.package_identification:_identify(.) by extension 'cmake'
[0.254s] Level 1:colcon.colcon_core.package_identification:_identify(.) by extension 'python'
[0.254s] Level 1:colcon.colcon_core.package_identification:_identify(.) by extensions ['python_setup_py']
[0.254s] Level 1:colcon.colcon_core.package_identification:_identify(.) by extension 'python_setup_py'
[0.254s] Level 1:colcon.colcon_core.package_identification:_identify(auv_autonomy) by extensions ['ignore', 'ignore_ament_install']
[0.254s] Level 1:colcon.colcon_core.package_identification:_identify(auv_autonomy) by extension 'ignore'
[0.254s] Level 1:colcon.colcon_core.package_identification:_identify(auv_autonomy) by extension 'ignore_ament_install'
[0.254s] Level 1:colcon.colcon_core.package_identification:_identify(auv_autonomy) by extensions ['colcon_pkg']
[0.254s] Level 1:colcon.colcon_core.package_identification:_identify(auv_autonomy) by extension 'colcon_pkg'
[0.254s] Level 1:colcon.colcon_core.package_identification:_identify(auv_autonomy) by extensions ['colcon_meta']
[0.254s] Level 1:colcon.colcon_core.package_identification:_identify(auv_autonomy) by extension 'colcon_meta'
[0.254s] Level 1:colcon.colcon_core.package_identification:_identify(auv_autonomy) by extensions ['ros']
[0.254s] Level 1:colcon.colcon_core.package_identification:_identify(auv_autonomy) by extension 'ros'
[0.256s] DEBUG:colcon.colcon_core.package_identification:Package 'auv_autonomy' with type 'ros.ament_cmake' and name 'auv_autonomy'
[0.257s] Level 1:colcon.colcon_core.package_identification:_identify(auv_bringup) by extensions ['ignore', 'ignore_ament_install']
[0.257s] Level 1:colcon.colcon_core.package_identification:_identify(auv_bringup) by extension 'ignore'
[0.257s] Level 1:colcon.colcon_core.package_identification:_identify(auv_bringup) by extension 'ignore_ament_install'
[0.257s] Level 1:colcon.colcon_core.package_identification:_identify(auv_bringup) by extensions ['colcon_pkg']
[0.257s] Level 1:colcon.colcon_core.package_identification:_identify(auv_bringup) by extension 'colcon_pkg'
[0.257s] Level 1:colcon.colcon_core.package_identification:_identify(auv_bringup) by extensions ['colcon_meta']
[0.257s] Level 1:colcon.colcon_core.package_identification:_identify(auv_bringup) by extension 'colcon_meta'
[0.257s] Level 1:colcon.colcon_core.package_identification:_identify(auv_bringup) by extensions ['ros']
[0.257s] Level 1:colcon.colcon_core.package_identification:_identify(auv_bringup) by extension 'ros'
[0.257s] DEBUG:colcon.colcon_core.package_identification:Package 'auv_bringup' with type 'ros.ament_cmake' and name 'auv_bringup'
[0.258s] Level 1:colcon.colcon_core.package_identification:_identify(auv_description) by extensions ['ignore', 'ignore_ament_install']
[0.258s] Level 1:colcon.colcon_core.package_identification:_identify(auv_description) by extension 'ignore'
[0.258s] Level 1:colcon.colcon_core.package_identification:_identify(auv_description) by extension 'ignore_ament_install'
[0.258s] Level 1:colcon.colcon_core.package_identification:_identify(auv_description) by extensions ['colcon_pkg']
[0.258s] Level 1:colcon.colcon_core.package_identification:_identify(auv_description) by extension 'colcon_pkg'
[0.258s] Level 1:colcon.colcon_core.package_identification:_identify(auv_description) by extensions ['colcon_meta']
[0.258s] Level 1:colcon.colcon_core.package_identification:_identify(auv_description) by extension 'colcon_meta'
[0.258s] Level 1:colcon.colcon_core.package_identification:_identify(auv_description) by extensions ['ros']
[0.258s] Level 1:colcon.colcon_core.package_identification:_identify(auv_description) by extension 'ros'
[0.258s] DEBUG:colcon.colcon_core.package_identification:Package 'auv_description' with type 'ros.ament_cmake' and name 'auv_description'
[0.258s] Level 1:colcon.colcon_core.package_identification:_identify(auv_sensing) by extensions ['ignore', 'ignore_ament_install']
[0.258s] Level 1:colcon.colcon_core.package_identification:_identify(auv_sensing) by extension 'ignore'
[0.259s] Level 1:colcon.colcon_core.package_identification:_identify(auv_sensing) by extension 'ignore_ament_install'
[0.259s] Level 1:colcon.colcon_core.package_identification:_identify(auv_sensing) by extensions ['colcon_pkg']
[0.259s] Level 1:colcon.colcon_core.package_identification:_identify(auv_sensing) by extension 'colcon_pkg'
[0.259s] Level 1:colcon.colcon_core.package_identification:_identify(auv_sensing) by extensions ['colcon_meta']
[0.259s] Level 1:colcon.colcon_core.package_identification:_identify(auv_sensing) by extension 'colcon_meta'
[0.259s] Level 1:colcon.colcon_core.package_identification:_identify(auv_sensing) by extensions ['ros']
[0.259s] Level 1:colcon.colcon_core.package_identification:_identify(auv_sensing) by extension 'ros'
[0.259s] DEBUG:colcon.colcon_core.package_identification:Package 'auv_sensing' with type 'ros.ament_cmake' and name 'auv_sensing'
[0.260s] Level 1:colcon.colcon_core.package_identification:_identify(build) by extensions ['ignore', 'ignore_ament_install']
[0.260s] Level 1:colcon.colcon_core.package_identification:_identify(build) by extension 'ignore'
[0.260s] Level 1:colcon.colcon_core.package_identification:_identify(build) ignored
[0.260s] Level 1:colcon.colcon_core.package_identification:_identify(images) by extensions ['ignore', 'ignore_ament_install']
[0.260s] Level 1:colcon.colcon_core.package_identification:_identify(images) by extension 'ignore'
[0.260s] Level 1:colcon.colcon_core.package_identification:_identify(images) by extension 'ignore_ament_install'
[0.260s] Level 1:colcon.colcon_core.package_identification:_identify(images) by extensions ['colcon_pkg']
[0.260s] Level 1:colcon.colcon_core.package_identification:_identify(images) by extension 'colcon_pkg'
[0.260s] Level 1:colcon.colcon_core.package_identification:_identify(images) by extensions ['colcon_meta']
[0.260s] Level 1:colcon.colcon_core.package_identification:_identify(images) by extension 'colcon_meta'
[0.260s] Level 1:colcon.colcon_core.package_identification:_identify(images) by extensions ['ros']
[0.260s] Level 1:colcon.colcon_core.package_identification:_identify(images) by extension 'ros'
[0.260s] Level 1:colcon.colcon_core.package_identification:_identify(images) by extensions ['cmake', 'python']
[0.260s] Level 1:colcon.colcon_core.package_identification:_identify(images) by extension 'cmake'
[0.260s] Level 1:colcon.colcon_core.package_identification:_identify(images) by extension 'python'
[0.260s] Level 1:colcon.colcon_core.package_identification:_identify(images) by extensions ['python_setup_py']
[0.260s] Level 1:colcon.colcon_core.package_identification:_identify(images) by extension 'python_setup_py'
[0.260s] Level 1:colcon.colcon_core.package_identification:_identify(install) by extensions ['ignore', 'ignore_ament_install']
[0.260s] Level 1:colcon.colcon_core.package_identification:_identify(install) by extension 'ignore'
[0.261s] Level 1:colcon.colcon_core.package_identification:_identify(install) ignored
[0.261s] Level 1:colcon.colcon_core.package_identification:_identify(log) by extensions ['ignore', 'ignore_ament_install']
[0.261s] Level 1:colcon.colcon_core.package_identification:_identify(log) by extension 'ignore'
[0.261s] Level 1:colcon.colcon_core.package_identification:_identify(log) ignored
[0.261s] Level 1:colcon.colcon_core.package_discovery:discover_packages(recursive) using defaults
[0.261s] Level 1:colcon.colcon_core.package_discovery:discover_packages(ignore) discover
[0.261s] Level 1:colcon.colcon_core.package_discovery:discover_packages(ignore) using defaults
[0.261s] Level 1:colcon.colcon_core.package_discovery:discover_packages(path) discover
[0.261s] Level 1:colcon.colcon_core.package_discovery:discover_packages(path) using defaults
[0.279s] Level 5:colcon.colcon_core.verb:set package 'auv_autonomy' build argument 'cmake_args' from command line to 'None'
[0.280s] Level 5:colcon.colcon_core.verb:set package 'auv_autonomy' build argument 'cmake_target' from command line to 'None'
[0.280s] Level 5:colcon.colcon_core.verb:set package 'auv_autonomy' build argument 'cmake_target_skip_unavailable' from command line to 'False'
[0.280s] Level 5:colcon.colcon_core.verb:set package 'auv_autonomy' build argument 'cmake_clean_cache' from command line to 'False'
[0.280s] Level 5:colcon.colcon_core.verb:set package 'auv_autonomy' build argument 'cmake_clean_first' from command line to 'False'
[0.280s] Level 5:colcon.colcon_core.verb:set package 'auv_autonomy' build argument 'cmake_force_configure' from command line to 'False'
[0.280s] Level 5:colcon.colcon_core.verb:set package 'auv_autonomy' build argument 'ament_cmake_args' from command line to 'None'
[0.280s] Level 5:colcon.colcon_core.verb:set package 'auv_autonomy' build argument 'catkin_cmake_args' from command line to 'None'
[0.280s] Level 5:colcon.colcon_core.verb:set package 'auv_autonomy' build argument 'catkin_skip_building_tests' from command line to 'False'
[0.280s] DEBUG:colcon.colcon_core.verb:Building package 'auv_autonomy' with the following arguments: {'ament_cmake_args': None, 'build_base': '/home/jalan/auv_ws/src/auv_ros2/build/auv_autonomy', 'catkin_cmake_args': None, 'catkin_skip_building_tests': False, 'cmake_args': None, 'cmake_clean_cache': False, 'cmake_clean_first': False, 'cmake_force_configure': False, 'cmake_target': None, 'cmake_target_skip_unavailable': False, 'install_base': '/home/jalan/auv_ws/src/auv_ros2/install/auv_autonomy', 'merge_install': False, 'path': '/home/jalan/auv_ws/src/auv_ros2/auv_autonomy', 'symlink_install': True, 'test_result_base': None}
[0.280s] Level 5:colcon.colcon_core.verb:set package 'auv_bringup' build argument 'cmake_args' from command line to 'None'
[0.280s] Level 5:colcon.colcon_core.verb:set package 'auv_bringup' build argument 'cmake_target' from command line to 'None'
[0.280s] Level 5:colcon.colcon_core.verb:set package 'auv_bringup' build argument 'cmake_target_skip_unavailable' from command line to 'False'
[0.280s] Level 5:colcon.colcon_core.verb:set package 'auv_bringup' build argument 'cmake_clean_cache' from command line to 'False'
[0.280s] Level 5:colcon.colcon_core.verb:set package 'auv_bringup' build argument 'cmake_clean_first' from command line to 'False'
[0.280s] Level 5:colcon.colcon_core.verb:set package 'auv_bringup' build argument 'cmake_force_configure' from command line to 'False'
[0.280s] Level 5:colcon.colcon_core.verb:set package 'auv_bringup' build argument 'ament_cmake_args' from command line to 'None'
[0.280s] Level 5:colcon.colcon_core.verb:set package 'auv_bringup' build argument 'catkin_cmake_args' from command line to 'None'
[0.280s] Level 5:colcon.colcon_core.verb:set package 'auv_bringup' build argument 'catkin_skip_building_tests' from command line to 'False'
[0.280s] DEBUG:colcon.colcon_core.verb:Building package 'auv_bringup' with the following arguments: {'ament_cmake_args': None, 'build_base': '/home/jalan/auv_ws/src/auv_ros2/build/auv_bringup', 'catkin_cmake_args': None, 'catkin_skip_building_tests': False, 'cmake_args': None, 'cmake_clean_cache': False, 'cmake_clean_first': False, 'cmake_force_configure': False, 'cmake_target': None, 'cmake_target_skip_unavailable': False, 'install_base': '/home/jalan/auv_ws/src/auv_ros2/install/auv_bringup', 'merge_install': False, 'path': '/home/jalan/auv_ws/src/auv_ros2/auv_bringup', 'symlink_install': True, 'test_result_base': None}
[0.281s] Level 5:colcon.colcon_core.verb:set package 'auv_description' build argument 'cmake_args' from command line to 'None'
[0.281s] Level 5:colcon.colcon_core.verb:set package 'auv_description' build argument 'cmake_target' from command line to 'None'
[0.281s] Level 5:colcon.colcon_core.verb:set package 'auv_description' build argument 'cmake_target_skip_unavailable' from command line to 'False'
[0.281s] Level 5:colcon.colcon_core.verb:set package 'auv_description' build argument 'cmake_clean_cache' from command line to 'False'
[0.281s] Level 5:colcon.colcon_core.verb:set package 'auv_description' build argument 'cmake_clean_first' from command line to 'False'
[0.281s] Level 5:colcon.colcon_core.verb:set package 'auv_description' build argument 'cmake_force_configure' from command line to 'False'
[0.281s] Level 5:colcon.colcon_core.verb:set package 'auv_description' build argument 'ament_cmake_args' from command line to 'None'
[0.281s] Level 5:colcon.colcon_core.verb:set package 'auv_description' build argument 'catkin_cmake_args' from command line to 'None'
[0.281s] Level 5:colcon.colcon_core.verb:set package 'auv_description' build argument 'catkin_skip_building_tests' from command line to 'False'
[0.281s] DEBUG:colcon.colcon_core.verb:Building package 'auv_description' with the following arguments: {'ament_cmake_args': None, 'build_base': '/home/jalan/auv_ws/src/auv_ros2/build/auv_description', 'catkin_cmake_args': None, 'catkin_skip_building_tests': False, 'cmake_args': None, 'cmake_clean_cache': False, 'cmake_clean_first': False, 'cmake_force_configure': False, 'cmake_target': None, 'cmake_target_skip_unavailable': False, 'install_base': '/home/jalan/auv_ws/src/auv_ros2/install/auv_description', 'merge_install': False, 'path': '/home/jalan/auv_ws/src/auv_ros2/auv_description', 'symlink_install': True, 'test_result_base': None}
[0.281s] Level 5:colcon.colcon_core.verb:set package 'auv_sensing' build argument 'cmake_args' from command line to 'None'
[0.281s] Level 5:colcon.colcon_core.verb:set package 'auv_sensing' build argument 'cmake_target' from command line to 'None'
[0.281s] Level 5:colcon.colcon_core.verb:set package 'auv_sensing' build argument 'cmake_target_skip_unavailable' from command line to 'False'
[0.281s] Level 5:colcon.colcon_core.verb:set package 'auv_sensing' build argument 'cmake_clean_cache' from command line to 'False'
[0.281s] Level 5:colcon.colcon_core.verb:set package 'auv_sensing' build argument 'cmake_clean_first' from command line to 'False'
[0.281s] Level 5:colcon.colcon_core.verb:set package 'auv_sensing' build argument 'cmake_force_configure' from command line to 'False'
[0.281s] Level 5:colcon.colcon_core.verb:set package 'auv_sensing' build argument 'ament_cmake_args' from command line to 'None'
[0.281s] Level 5:colcon.colcon_core.verb:set package 'auv_sensing' build argument 'catkin_cmake_args' from command line to 'None'
[0.281s] Level 5:colcon.colcon_core.verb:set package 'auv_sensing' build argument 'catkin_skip_building_tests' from command line to 'False'
[0.281s] DEBUG:colcon.colcon_core.verb:Building package 'auv_sensing' with the following arguments: {'ament_cmake_args': None, 'build_base': '/home/jalan/auv_ws/src/auv_ros2/build/auv_sensing', 'catkin_cmake_args': None, 'catkin_skip_building_tests': False, 'cmake_args': None, 'cmake_clean_cache': False, 'cmake_clean_first': False, 'cmake_force_configure': False, 'cmake_target': None, 'cmake_target_skip_unavailable': False, 'install_base': '/home/jalan/auv_ws/src/auv_ros2/install/auv_sensing', 'merge_install': False, 'path': '/home/jalan/auv_ws/src/auv_ros2/auv_sensing', 'symlink_install': True, 'test_result_base': None}
[0.281s] INFO:colcon.colcon_core.executor:Executing jobs using 'parallel' executor
[0.283s] DEBUG:colcon.colcon_parallel_executor.executor.parallel:run_until_complete
[0.283s] INFO:colcon.colcon_ros.task.ament_cmake.build:Building ROS package in '/home/jalan/auv_ws/src/auv_ros2/auv_autonomy' with build type 'ament_cmake'
[0.283s] INFO:colcon.colcon_cmake.task.cmake.build:Building CMake package in '/home/jalan/auv_ws/src/auv_ros2/auv_autonomy'
[0.285s] INFO:colcon.colcon_core.plugin_system:Skipping extension 'colcon_core.shell.bat': Not used on non-Windows systems
[0.285s] INFO:colcon.colcon_core.shell:Skip shell extension 'powershell' for command environment: Not usable outside of PowerShell
[0.285s] DEBUG:colcon.colcon_core.shell:Skip shell extension 'dsv' for command environment
[0.289s] INFO:colcon.colcon_ros.task.ament_cmake.build:Building ROS package in '/home/jalan/auv_ws/src/auv_ros2/auv_bringup' with build type 'ament_cmake'
[0.289s] INFO:colcon.colcon_cmake.task.cmake.build:Building CMake package in '/home/jalan/auv_ws/src/auv_ros2/auv_bringup'
[0.289s] INFO:colcon.colcon_core.shell:Skip shell extension 'powershell' for command environment: Not usable outside of PowerShell
[0.290s] DEBUG:colcon.colcon_core.shell:Skip shell extension 'dsv' for command environment
[0.293s] INFO:colcon.colcon_ros.task.ament_cmake.build:Building ROS package in '/home/jalan/auv_ws/src/auv_ros2/auv_description' with build type 'ament_cmake'
[0.293s] INFO:colcon.colcon_cmake.task.cmake.build:Building CMake package in '/home/jalan/auv_ws/src/auv_ros2/auv_description'
[0.293s] INFO:colcon.colcon_core.shell:Skip shell extension 'powershell' for command environment: Not usable outside of PowerShell
[0.293s] DEBUG:colcon.colcon_core.shell:Skip shell extension 'dsv' for command environment
[0.296s] INFO:colcon.colcon_ros.task.ament_cmake.build:Building ROS package in '/home/jalan/auv_ws/src/auv_ros2/auv_sensing' with build type 'ament_cmake'
[0.296s] INFO:colcon.colcon_cmake.task.cmake.build:Building CMake package in '/home/jalan/auv_ws/src/auv_ros2/auv_sensing'
[0.297s] INFO:colcon.colcon_core.shell:Skip shell extension 'powershell' for command environment: Not usable outside of PowerShell
[0.297s] DEBUG:colcon.colcon_core.shell:Skip shell extension 'dsv' for command environment
[0.307s] DEBUG:colcon.colcon_core.event_handler.log_command:Invoking command in '/home/jalan/auv_ws/src/auv_ros2/build/auv_autonomy': CMAKE_PREFIX_PATH=/opt/ros/humble /usr/bin/cmake --build /home/jalan/auv_ws/src/auv_ros2/build/auv_autonomy -- -j12 -l12
[0.310s] DEBUG:colcon.colcon_core.event_handler.log_command:Invoking command in '/home/jalan/auv_ws/src/auv_ros2/build/auv_bringup': CMAKE_PREFIX_PATH=/opt/ros/humble /usr/bin/cmake --build /home/jalan/auv_ws/src/auv_ros2/build/auv_bringup -- -j12 -l12
[0.313s] DEBUG:colcon.colcon_core.event_handler.log_command:Invoking command in '/home/jalan/auv_ws/src/auv_ros2/build/auv_description': CMAKE_PREFIX_PATH=/opt/ros/humble /usr/bin/cmake --build /home/jalan/auv_ws/src/auv_ros2/build/auv_description -- -j12 -l12
[0.320s] DEBUG:colcon.colcon_core.event_handler.log_command:Invoking command in '/home/jalan/auv_ws/src/auv_ros2/build/auv_sensing': CMAKE_PREFIX_PATH=/opt/ros/humble /usr/bin/cmake --build /home/jalan/auv_ws/src/auv_ros2/build/auv_sensing -- -j12 -l12
[0.353s] DEBUG:colcon.colcon_core.event_handler.log_command:Invoked command in '/home/jalan/auv_ws/src/auv_ros2/build/auv_bringup' returned '0': CMAKE_PREFIX_PATH=/opt/ros/humble /usr/bin/cmake --build /home/jalan/auv_ws/src/auv_ros2/build/auv_bringup -- -j12 -l12
[0.364s] DEBUG:colcon.colcon_core.event_handler.log_command:Invoking command in '/home/jalan/auv_ws/src/auv_ros2/build/auv_bringup': CMAKE_PREFIX_PATH=/opt/ros/humble /usr/bin/cmake --install /home/jalan/auv_ws/src/auv_ros2/build/auv_bringup
[0.365s] DEBUG:colcon.colcon_core.event_handler.log_command:Invoked command in '/home/jalan/auv_ws/src/auv_ros2/build/auv_description' returned '0': CMAKE_PREFIX_PATH=/opt/ros/humble /usr/bin/cmake --build /home/jalan/auv_ws/src/auv_ros2/build/auv_description -- -j12 -l12
[0.367s] DEBUG:colcon.colcon_core.event_handler.log_command:Invoking command in '/home/jalan/auv_ws/src/auv_ros2/build/auv_description': CMAKE_PREFIX_PATH=/opt/ros/humble /usr/bin/cmake --install /home/jalan/auv_ws/src/auv_ros2/build/auv_description
[0.384s] DEBUG:colcon.colcon_core.event_handler.log_command:Invoked command in '/home/jalan/auv_ws/src/auv_ros2/build/auv_autonomy' returned '0': CMAKE_PREFIX_PATH=/opt/ros/humble /usr/bin/cmake --build /home/jalan/auv_ws/src/auv_ros2/build/auv_autonomy -- -j12 -l12
[0.387s] DEBUG:colcon.colcon_core.event_handler.log_command:Invoking command in '/home/jalan/auv_ws/src/auv_ros2/build/auv_autonomy': CMAKE_PREFIX_PATH=/opt/ros/humble /usr/bin/cmake --install /home/jalan/auv_ws/src/auv_ros2/build/auv_autonomy
[0.388s] Level 1:colcon.colcon_core.environment:create_environment_scripts_only(auv_bringup)
[0.390s] DEBUG:colcon.colcon_core.event_handler.log_command:Invoked command in '/home/jalan/auv_ws/src/auv_ros2/build/auv_bringup' returned '0': CMAKE_PREFIX_PATH=/opt/ros/humble /usr/bin/cmake --install /home/jalan/auv_ws/src/auv_ros2/build/auv_bringup
[0.392s] Level 1:colcon.colcon_core.environment:checking '/home/jalan/auv_ws/src/auv_ros2/install/auv_bringup' for CMake module files
[0.393s] Level 1:colcon.colcon_core.environment:checking '/home/jalan/auv_ws/src/auv_ros2/install/auv_bringup' for CMake config files
[0.393s] Level 1:colcon.colcon_core.shell:create_environment_hook('auv_bringup', 'cmake_prefix_path')
[0.393s] INFO:colcon.colcon_core.shell:Creating environment hook '/home/jalan/auv_ws/src/auv_ros2/install/auv_bringup/share/auv_bringup/hook/cmake_prefix_path.ps1'
[0.394s] INFO:colcon.colcon_core.shell:Creating environment descriptor '/home/jalan/auv_ws/src/auv_ros2/install/auv_bringup/share/auv_bringup/hook/cmake_prefix_path.dsv'
[0.395s] INFO:colcon.colcon_core.shell:Creating environment hook '/home/jalan/auv_ws/src/auv_ros2/install/auv_bringup/share/auv_bringup/hook/cmake_prefix_path.sh'
[0.397s] Level 1:colcon.colcon_core.environment:checking '/home/jalan/auv_ws/src/auv_ros2/install/auv_bringup/bin'
[0.397s] Level 1:colcon.colcon_core.environment:checking '/home/jalan/auv_ws/src/auv_ros2/install/auv_bringup/lib/pkgconfig/auv_bringup.pc'
[0.401s] Level 1:colcon.colcon_core.environment:checking '/home/jalan/auv_ws/src/auv_ros2/install/auv_bringup/lib/python3.10/site-packages'
[0.401s] Level 1:colcon.colcon_core.environment:checking '/home/jalan/auv_ws/src/auv_ros2/install/auv_bringup/bin'
[0.402s] INFO:colcon.colcon_core.shell:Creating package script '/home/jalan/auv_ws/src/auv_ros2/install/auv_bringup/share/auv_bringup/package.ps1'
[0.403s] INFO:colcon.colcon_core.shell:Creating package descriptor '/home/jalan/auv_ws/src/auv_ros2/install/auv_bringup/share/auv_bringup/package.dsv'
[0.403s] INFO:colcon.colcon_core.shell:Creating package script '/home/jalan/auv_ws/src/auv_ros2/install/auv_bringup/share/auv_bringup/package.sh'
[0.404s] INFO:colcon.colcon_core.shell:Creating package script '/home/jalan/auv_ws/src/auv_ros2/install/auv_bringup/share/auv_bringup/package.bash'
[0.404s] INFO:colcon.colcon_core.shell:Creating package script '/home/jalan/auv_ws/src/auv_ros2/install/auv_bringup/share/auv_bringup/package.zsh'
[0.405s] Level 1:colcon.colcon_core.environment:create_file_with_runtime_dependencies(/home/jalan/auv_ws/src/auv_ros2/install/auv_bringup/share/colcon-core/packages/auv_bringup)
[0.406s] Level 1:colcon.colcon_core.environment:create_environment_scripts_only(auv_bringup)
[0.406s] Level 1:colcon.colcon_core.environment:checking '/home/jalan/auv_ws/src/auv_ros2/install/auv_bringup' for CMake module files
[0.406s] Level 1:colcon.colcon_core.environment:checking '/home/jalan/auv_ws/src/auv_ros2/install/auv_bringup' for CMake config files
[0.407s] Level 1:colcon.colcon_core.shell:create_environment_hook('auv_bringup', 'cmake_prefix_path')
[0.407s] INFO:colcon.colcon_core.shell:Creating environment hook '/home/jalan/auv_ws/src/auv_ros2/install/auv_bringup/share/auv_bringup/hook/cmake_prefix_path.ps1'
[0.407s] INFO:colcon.colcon_core.shell:Creating environment descriptor '/home/jalan/auv_ws/src/auv_ros2/install/auv_bringup/share/auv_bringup/hook/cmake_prefix_path.dsv'
[0.408s] INFO:colcon.colcon_core.shell:Creating environment hook '/home/jalan/auv_ws/src/auv_ros2/install/auv_bringup/share/auv_bringup/hook/cmake_prefix_path.sh'
[0.408s] Level 1:colcon.colcon_core.environment:checking '/home/jalan/auv_ws/src/auv_ros2/install/auv_bringup/bin'
[0.408s] Level 1:colcon.colcon_core.environment:checking '/home/jalan/auv_ws/src/auv_ros2/install/auv_bringup/lib/pkgconfig/auv_bringup.pc'
[0.408s] Level 1:colcon.colcon_core.environment:checking '/home/jalan/auv_ws/src/auv_ros2/install/auv_bringup/lib/python3.10/site-packages'
[0.409s] Level 1:colcon.colcon_core.environment:checking '/home/jalan/auv_ws/src/auv_ros2/install/auv_bringup/bin'
[0.409s] INFO:colcon.colcon_core.shell:Creating package script '/home/jalan/auv_ws/src/auv_ros2/install/auv_bringup/share/auv_bringup/package.ps1'
[0.410s] INFO:colcon.colcon_core.shell:Creating package descriptor '/home/jalan/auv_ws/src/auv_ros2/install/auv_bringup/share/auv_bringup/package.dsv'
[0.411s] INFO:colcon.colcon_core.shell:Creating package script '/home/jalan/auv_ws/src/auv_ros2/install/auv_bringup/share/auv_bringup/package.sh'
[0.411s] INFO:colcon.colcon_core.shell:Creating package script '/home/jalan/auv_ws/src/auv_ros2/install/auv_bringup/share/auv_bringup/package.bash'
[0.411s] INFO:colcon.colcon_core.shell:Creating package script '/home/jalan/auv_ws/src/auv_ros2/install/auv_bringup/share/auv_bringup/package.zsh'
[0.412s] Level 1:colcon.colcon_core.environment:create_file_with_runtime_dependencies(/home/jalan/auv_ws/src/auv_ros2/install/auv_bringup/share/colcon-core/packages/auv_bringup)
[0.413s] Level 1:colcon.colcon_core.environment:create_environment_scripts_only(auv_description)
[0.413s] Level 1:colcon.colcon_core.environment:checking '/home/jalan/auv_ws/src/auv_ros2/install/auv_description' for CMake module files
[0.413s] DEBUG:colcon.colcon_core.event_handler.log_command:Invoked command in '/home/jalan/auv_ws/src/auv_ros2/build/auv_description' returned '0': CMAKE_PREFIX_PATH=/opt/ros/humble /usr/bin/cmake --install /home/jalan/auv_ws/src/auv_ros2/build/auv_description
[0.414s] Level 1:colcon.colcon_core.environment:checking '/home/jalan/auv_ws/src/auv_ros2/install/auv_description' for CMake config files
[0.415s] Level 1:colcon.colcon_core.shell:create_environment_hook('auv_description', 'cmake_prefix_path')
[0.415s] INFO:colcon.colcon_core.shell:Creating environment hook '/home/jalan/auv_ws/src/auv_ros2/install/auv_description/share/auv_description/hook/cmake_prefix_path.ps1'
[0.416s] INFO:colcon.colcon_core.shell:Creating environment descriptor '/home/jalan/auv_ws/src/auv_ros2/install/auv_description/share/auv_description/hook/cmake_prefix_path.dsv'
[0.416s] INFO:colcon.colcon_core.shell:Creating environment hook '/home/jalan/auv_ws/src/auv_ros2/install/auv_description/share/auv_description/hook/cmake_prefix_path.sh'
[0.416s] Level 1:colcon.colcon_core.environment:checking '/home/jalan/auv_ws/src/auv_ros2/install/auv_description/bin'
[0.416s] Level 1:colcon.colcon_core.environment:checking '/home/jalan/auv_ws/src/auv_ros2/install/auv_description/lib/pkgconfig/auv_description.pc'
[0.417s] Level 1:colcon.colcon_core.environment:checking '/home/jalan/auv_ws/src/auv_ros2/install/auv_description/lib/python3.10/site-packages'
[0.417s] Level 1:colcon.colcon_core.environment:checking '/home/jalan/auv_ws/src/auv_ros2/install/auv_description/bin'
[0.417s] INFO:colcon.colcon_core.shell:Creating package script '/home/jalan/auv_ws/src/auv_ros2/install/auv_description/share/auv_description/package.ps1'
[0.417s] INFO:colcon.colcon_core.shell:Creating package descriptor '/home/jalan/auv_ws/src/auv_ros2/install/auv_description/share/auv_description/package.dsv'
[0.418s] INFO:colcon.colcon_core.shell:Creating package script '/home/jalan/auv_ws/src/auv_ros2/install/auv_description/share/auv_description/package.sh'
[0.419s] INFO:colcon.colcon_core.shell:Creating package script '/home/jalan/auv_ws/src/auv_ros2/install/auv_description/share/auv_description/package.bash'
[0.419s] INFO:colcon.colcon_core.shell:Creating package script '/home/jalan/auv_ws/src/auv_ros2/install/auv_description/share/auv_description/package.zsh'
[0.419s] Level 1:colcon.colcon_core.environment:create_file_with_runtime_dependencies(/home/jalan/auv_ws/src/auv_ros2/install/auv_description/share/colcon-core/packages/auv_description)
[0.420s] Level 1:colcon.colcon_core.environment:create_environment_scripts_only(auv_description)
[0.420s] Level 1:colcon.colcon_core.environment:checking '/home/jalan/auv_ws/src/auv_ros2/install/auv_description' for CMake module files
[0.420s] Level 1:colcon.colcon_core.environment:checking '/home/jalan/auv_ws/src/auv_ros2/install/auv_description' for CMake config files
[0.422s] Level 1:colcon.colcon_core.shell:create_environment_hook('auv_description', 'cmake_prefix_path')
[0.422s] INFO:colcon.colcon_core.shell:Creating environment hook '/home/jalan/auv_ws/src/auv_ros2/install/auv_description/share/auv_description/hook/cmake_prefix_path.ps1'
[0.422s] INFO:colcon.colcon_core.shell:Creating environment descriptor '/home/jalan/auv_ws/src/auv_ros2/install/auv_description/share/auv_description/hook/cmake_prefix_path.dsv'
[0.422s] INFO:colcon.colcon_core.shell:Creating environment hook '/home/jalan/auv_ws/src/auv_ros2/install/auv_description/share/auv_description/hook/cmake_prefix_path.sh'
[0.423s] Level 1:colcon.colcon_core.environment:checking '/home/jalan/auv_ws/src/auv_ros2/install/auv_description/bin'
[0.423s] Level 1:colcon.colcon_core.environment:checking '/home/jalan/auv_ws/src/auv_ros2/install/auv_description/lib/pkgconfig/auv_description.pc'
[0.423s] Level 1:colcon.colcon_core.environment:checking '/home/jalan/auv_ws/src/auv_ros2/install/auv_description/lib/python3.10/site-packages'
[0.423s] Level 1:colcon.colcon_core.environment:checking '/home/jalan/auv_ws/src/auv_ros2/install/auv_description/bin'
[0.424s] INFO:colcon.colcon_core.shell:Creating package script '/home/jalan/auv_ws/src/auv_ros2/install/auv_description/share/auv_description/package.ps1'
[0.424s] INFO:colcon.colcon_core.shell:Creating package descriptor '/home/jalan/auv_ws/src/auv_ros2/install/auv_description/share/auv_description/package.dsv'
[0.425s] INFO:colcon.colcon_core.shell:Creating package script '/home/jalan/auv_ws/src/auv_ros2/install/auv_description/share/auv_description/package.sh'
[0.425s] INFO:colcon.colcon_core.shell:Creating package script '/home/jalan/auv_ws/src/auv_ros2/install/auv_description/share/auv_description/package.bash'
[0.425s] INFO:colcon.colcon_core.shell:Creating package script '/home/jalan/auv_ws/src/auv_ros2/install/auv_description/share/auv_description/package.zsh'
[0.426s] Level 1:colcon.colcon_core.environment:create_file_with_runtime_dependencies(/home/jalan/auv_ws/src/auv_ros2/install/auv_description/share/colcon-core/packages/auv_description)
[0.426s] Level 1:colcon.colcon_core.environment:create_environment_scripts_only(auv_autonomy)
[0.427s] Level 1:colcon.colcon_core.environment:checking '/home/jalan/auv_ws/src/auv_ros2/install/auv_autonomy' for CMake module files
[0.428s] DEBUG:colcon.colcon_core.event_handler.log_command:Invoked command in '/home/jalan/auv_ws/src/auv_ros2/build/auv_autonomy' returned '0': CMAKE_PREFIX_PATH=/opt/ros/humble /usr/bin/cmake --install /home/jalan/auv_ws/src/auv_ros2/build/auv_autonomy
[0.428s] Level 1:colcon.colcon_core.environment:checking '/home/jalan/auv_ws/src/auv_ros2/install/auv_autonomy' for CMake config files
[0.428s] Level 1:colcon.colcon_core.shell:create_environment_hook('auv_autonomy', 'cmake_prefix_path')
[0.429s] INFO:colcon.colcon_core.shell:Creating environment hook '/home/jalan/auv_ws/src/auv_ros2/install/auv_autonomy/share/auv_autonomy/hook/cmake_prefix_path.ps1'
[0.429s] INFO:colcon.colcon_core.shell:Creating environment descriptor '/home/jalan/auv_ws/src/auv_ros2/install/auv_autonomy/share/auv_autonomy/hook/cmake_prefix_path.dsv'
[0.429s] INFO:colcon.colcon_core.shell:Creating environment hook '/home/jalan/auv_ws/src/auv_ros2/install/auv_autonomy/share/auv_autonomy/hook/cmake_prefix_path.sh'
[0.430s] Level 1:colcon.colcon_core.environment:checking '/home/jalan/auv_ws/src/auv_ros2/install/auv_autonomy/lib'
[0.430s] Level 1:colcon.colcon_core.environment:checking '/home/jalan/auv_ws/src/auv_ros2/install/auv_autonomy/bin'
[0.430s] Level 1:colcon.colcon_core.environment:checking '/home/jalan/auv_ws/src/auv_ros2/install/auv_autonomy/lib/pkgconfig/auv_autonomy.pc'
[0.430s] Level 1:colcon.colcon_core.environment:checking '/home/jalan/auv_ws/src/auv_ros2/install/auv_autonomy/lib/python3.10/site-packages'
[0.430s] Level 1:colcon.colcon_core.environment:checking '/home/jalan/auv_ws/src/auv_ros2/install/auv_autonomy/bin'
[0.430s] INFO:colcon.colcon_core.shell:Creating package script '/home/jalan/auv_ws/src/auv_ros2/install/auv_autonomy/share/auv_autonomy/package.ps1'
[0.431s] INFO:colcon.colcon_core.shell:Creating package descriptor '/home/jalan/auv_ws/src/auv_ros2/install/auv_autonomy/share/auv_autonomy/package.dsv'
[0.431s] INFO:colcon.colcon_core.shell:Creating package script '/home/jalan/auv_ws/src/auv_ros2/install/auv_autonomy/share/auv_autonomy/package.sh'
[0.432s] INFO:colcon.colcon_core.shell:Creating package script '/home/jalan/auv_ws/src/auv_ros2/install/auv_autonomy/share/auv_autonomy/package.bash'
[0.432s] INFO:colcon.colcon_core.shell:Creating package script '/home/jalan/auv_ws/src/auv_ros2/install/auv_autonomy/share/auv_autonomy/package.zsh'
[0.432s] Level 1:colcon.colcon_core.environment:create_file_with_runtime_dependencies(/home/jalan/auv_ws/src/auv_ros2/install/auv_autonomy/share/colcon-core/packages/auv_autonomy)
[0.433s] Level 1:colcon.colcon_core.environment:create_environment_scripts_only(auv_autonomy)
[0.433s] Level 1:colcon.colcon_core.environment:checking '/home/jalan/auv_ws/src/auv_ros2/install/auv_autonomy' for CMake module files
[0.433s] Level 1:colcon.colcon_core.environment:checking '/home/jalan/auv_ws/src/auv_ros2/install/auv_autonomy' for CMake config files
[0.434s] Level 1:colcon.colcon_core.shell:create_environment_hook('auv_autonomy', 'cmake_prefix_path')
[0.434s] INFO:colcon.colcon_core.shell:Creating environment hook '/home/jalan/auv_ws/src/auv_ros2/install/auv_autonomy/share/auv_autonomy/hook/cmake_prefix_path.ps1'
[0.435s] INFO:colcon.colcon_core.shell:Creating environment descriptor '/home/jalan/auv_ws/src/auv_ros2/install/auv_autonomy/share/auv_autonomy/hook/cmake_prefix_path.dsv'
[0.435s] INFO:colcon.colcon_core.shell:Creating environment hook '/home/jalan/auv_ws/src/auv_ros2/install/auv_autonomy/share/auv_autonomy/hook/cmake_prefix_path.sh'
[0.435s] Level 1:colcon.colcon_core.environment:checking '/home/jalan/auv_ws/src/auv_ros2/install/auv_autonomy/lib'
[0.436s] Level 1:colcon.colcon_core.environment:checking '/home/jalan/auv_ws/src/auv_ros2/install/auv_autonomy/bin'
[0.436s] Level 1:colcon.colcon_core.environment:checking '/home/jalan/auv_ws/src/auv_ros2/install/auv_autonomy/lib/pkgconfig/auv_autonomy.pc'
[0.436s] Level 1:colcon.colcon_core.environment:checking '/home/jalan/auv_ws/src/auv_ros2/install/auv_autonomy/lib/python3.10/site-packages'
[0.436s] Level 1:colcon.colcon_core.environment:checking '/home/jalan/auv_ws/src/auv_ros2/install/auv_autonomy/bin'
[0.436s] INFO:colcon.colcon_core.shell:Creating package script '/home/jalan/auv_ws/src/auv_ros2/install/auv_autonomy/share/auv_autonomy/package.ps1'
[0.437s] INFO:colcon.colcon_core.shell:Creating package descriptor '/home/jalan/auv_ws/src/auv_ros2/install/auv_autonomy/share/auv_autonomy/package.dsv'
[0.437s] INFO:colcon.colcon_core.shell:Creating package script '/home/jalan/auv_ws/src/auv_ros2/install/auv_autonomy/share/auv_autonomy/package.sh'
[0.437s] INFO:colcon.colcon_core.shell:Creating package script '/home/jalan/auv_ws/src/auv_ros2/install/auv_autonomy/share/auv_autonomy/package.bash'
[0.438s] INFO:colcon.colcon_core.shell:Creating package script '/home/jalan/auv_ws/src/auv_ros2/install/auv_autonomy/share/auv_autonomy/package.zsh'
[0.438s] Level 1:colcon.colcon_core.environment:create_file_with_runtime_dependencies(/home/jalan/auv_ws/src/auv_ros2/install/auv_autonomy/share/colcon-core/packages/auv_autonomy)
[0.841s] DEBUG:colcon.colcon_core.event_handler.log_command:Invoked command in '/home/jalan/auv_ws/src/auv_ros2/build/auv_sensing' returned '2': CMAKE_PREFIX_PATH=/opt/ros/humble /usr/bin/cmake --build /home/jalan/auv_ws/src/auv_ros2/build/auv_sensing -- -j12 -l12
[0.842s] Level 1:colcon.colcon_core.environment:create_environment_scripts_only(auv_sensing)
[0.843s] Level 1:colcon.colcon_core.environment:checking '/home/jalan/auv_ws/src/auv_ros2/install/auv_sensing' for CMake module files
[0.843s] Level 1:colcon.colcon_core.environment:checking '/home/jalan/auv_ws/src/auv_ros2/install/auv_sensing' for CMake config files
[0.844s] Level 1:colcon.colcon_core.environment:checking '/home/jalan/auv_ws/src/auv_ros2/install/auv_sensing/bin'
[0.844s] Level 1:colcon.colcon_core.environment:checking '/home/jalan/auv_ws/src/auv_ros2/install/auv_sensing/lib/pkgconfig/auv_sensing.pc'
[0.845s] Level 1:colcon.colcon_core.environment:checking '/home/jalan/auv_ws/src/auv_ros2/install/auv_sensing/lib/python3.10/site-packages'
[0.845s] Level 1:colcon.colcon_core.environment:checking '/home/jalan/auv_ws/src/auv_ros2/install/auv_sensing/bin'
[0.845s] INFO:colcon.colcon_core.shell:Creating package script '/home/jalan/auv_ws/src/auv_ros2/install/auv_sensing/share/auv_sensing/package.ps1'
[0.846s] INFO:colcon.colcon_core.shell:Creating package descriptor '/home/jalan/auv_ws/src/auv_ros2/install/auv_sensing/share/auv_sensing/package.dsv'
[0.847s] INFO:colcon.colcon_core.shell:Creating package script '/home/jalan/auv_ws/src/auv_ros2/install/auv_sensing/share/auv_sensing/package.sh'
[0.847s] INFO:colcon.colcon_core.shell:Creating package script '/home/jalan/auv_ws/src/auv_ros2/install/auv_sensing/share/auv_sensing/package.bash'
[0.848s] INFO:colcon.colcon_core.shell:Creating package script '/home/jalan/auv_ws/src/auv_ros2/install/auv_sensing/share/auv_sensing/package.zsh'
[0.849s] Level 1:colcon.colcon_core.environment:create_file_with_runtime_dependencies(/home/jalan/auv_ws/src/auv_ros2/install/auv_sensing/share/colcon-core/packages/auv_sensing)
[0.860s] DEBUG:colcon.colcon_parallel_executor.executor.parallel:closing loop
[0.860s] DEBUG:colcon.colcon_parallel_executor.executor.parallel:loop closed
[0.860s] DEBUG:colcon.colcon_parallel_executor.executor.parallel:run_until_complete finished with '2'
[0.860s] DEBUG:colcon.colcon_core.event_reactor:joining thread
[0.873s] INFO:colcon.colcon_core.plugin_system:Skipping extension 'colcon_notification.desktop_notification.terminal_notifier': Not used on non-Darwin systems
[0.873s] INFO:colcon.colcon_core.plugin_system:Skipping extension 'colcon_notification.desktop_notification.win32': Not used on non-Windows systems
[0.873s] INFO:colcon.colcon_notification.desktop_notification:Sending desktop notification using 'notify2'
[0.901s] DEBUG:colcon.colcon_core.event_reactor:joined thread
[0.901s] INFO:colcon.colcon_core.shell:Creating prefix script '/home/jalan/auv_ws/src/auv_ros2/install/local_setup.ps1'
[0.903s] INFO:colcon.colcon_core.shell:Creating prefix util module '/home/jalan/auv_ws/src/auv_ros2/install/_local_setup_util_ps1.py'
[0.907s] INFO:colcon.colcon_core.shell:Creating prefix chain script '/home/jalan/auv_ws/src/auv_ros2/install/setup.ps1'
[0.909s] INFO:colcon.colcon_core.shell:Creating prefix script '/home/jalan/auv_ws/src/auv_ros2/install/local_setup.sh'
[0.910s] INFO:colcon.colcon_core.shell:Creating prefix util module '/home/jalan/auv_ws/src/auv_ros2/install/_local_setup_util_sh.py'
[0.911s] INFO:colcon.colcon_core.shell:Creating prefix chain script '/home/jalan/auv_ws/src/auv_ros2/install/setup.sh'
[0.914s] INFO:colcon.colcon_core.shell:Creating prefix script '/home/jalan/auv_ws/src/auv_ros2/install/local_setup.bash'
[0.915s] INFO:colcon.colcon_core.shell:Creating prefix chain script '/home/jalan/auv_ws/src/auv_ros2/install/setup.bash'
[0.917s] INFO:colcon.colcon_core.shell:Creating prefix script '/home/jalan/auv_ws/src/auv_ros2/install/local_setup.zsh'
[0.918s] INFO:colcon.colcon_core.shell:Creating prefix chain script '/home/jalan/auv_ws/src/auv_ros2/install/setup.zsh'
