-- Install configuration: ""
-- Execute custom install script
-- Symlinking: /home/jalan/auv_ws/src/auv_ros2/install/auv_description/share/auv_description/models/auv/meshes/base_link.STL
-- Symlinking: /home/jalan/auv_ws/src/auv_ros2/install/auv_description/share/auv_description/models/auv/meshes/thruster_1.STL
-- Symlinking: /home/jalan/auv_ws/src/auv_ros2/install/auv_description/share/auv_description/models/auv/meshes/thruster_2.STL
-- Symlinking: /home/jalan/auv_ws/src/auv_ros2/install/auv_description/share/auv_description/models/auv/meshes/thruster_3.STL
-- Symlinking: /home/jalan/auv_ws/src/auv_ros2/install/auv_description/share/auv_description/models/auv/model.config
-- Symlinking: /home/jalan/auv_ws/src/auv_ros2/install/auv_description/share/auv_description/models/auv/model.sdf
-- Symlinking: /home/jalan/auv_ws/src/auv_ros2/install/auv_description/share/auv_description/models/axes/model.config
-- Symlinking: /home/jalan/auv_ws/src/auv_ros2/install/auv_description/share/auv_description/models/axes/model.sdf
-- Symlinking: /home/jalan/auv_ws/src/auv_ros2/install/auv_description/share/auv_description/models/blue_bucket/meshes/blue_bucket.dae
-- Symlinking: /home/jalan/auv_ws/src/auv_ros2/install/auv_description/share/auv_description/models/blue_bucket/meshes/red_bucket_texture.png
-- Symlinking: /home/jalan/auv_ws/src/auv_ros2/install/auv_description/share/auv_description/models/blue_bucket/model.config
-- Symlinking: /home/jalan/auv_ws/src/auv_ros2/install/auv_description/share/auv_description/models/blue_bucket/model.sdf
-- Symlinking: /home/jalan/auv_ws/src/auv_ros2/install/auv_description/share/auv_description/models/blue_flare/model.config
-- Symlinking: /home/jalan/auv_ws/src/auv_ros2/install/auv_description/share/auv_description/models/blue_flare/model.sdf
-- Symlinking: /home/jalan/auv_ws/src/auv_ros2/install/auv_description/share/auv_description/models/gate/meshes/gate.dae
-- Symlinking: /home/jalan/auv_ws/src/auv_ros2/install/auv_description/share/auv_description/models/gate/meshes/gate.png
-- Symlinking: /home/jalan/auv_ws/src/auv_ros2/install/auv_description/share/auv_description/models/gate/model.config
-- Symlinking: /home/jalan/auv_ws/src/auv_ros2/install/auv_description/share/auv_description/models/gate/model.sdf
-- Symlinking: /home/jalan/auv_ws/src/auv_ros2/install/auv_description/share/auv_description/models/mat/meshes/green_mat.dae
-- Symlinking: /home/jalan/auv_ws/src/auv_ros2/install/auv_description/share/auv_description/models/mat/meshes/green_mat_texture.png
-- Symlinking: /home/jalan/auv_ws/src/auv_ros2/install/auv_description/share/auv_description/models/mat/model.config
-- Symlinking: /home/jalan/auv_ws/src/auv_ros2/install/auv_description/share/auv_description/models/mat/model.sdf
-- Symlinking: /home/jalan/auv_ws/src/auv_ros2/install/auv_description/share/auv_description/models/orange_flare/model.config
-- Symlinking: /home/jalan/auv_ws/src/auv_ros2/install/auv_description/share/auv_description/models/orange_flare/model.sdf
-- Symlinking: /home/jalan/auv_ws/src/auv_ros2/install/auv_description/share/auv_description/models/pool/meshes/pool.dae
-- Symlinking: /home/jalan/auv_ws/src/auv_ros2/install/auv_description/share/auv_description/models/pool/meshes/pool_texture.png
-- Symlinking: /home/jalan/auv_ws/src/auv_ros2/install/auv_description/share/auv_description/models/pool/model.config
-- Symlinking: /home/jalan/auv_ws/src/auv_ros2/install/auv_description/share/auv_description/models/pool/model.sdf
-- Symlinking: /home/jalan/auv_ws/src/auv_ros2/install/auv_description/share/auv_description/models/qualification_gate/meshes/new_last_last.png
-- Symlinking: /home/jalan/auv_ws/src/auv_ros2/install/auv_description/share/auv_description/models/qualification_gate/meshes/qualification_gate.dae
-- Symlinking: /home/jalan/auv_ws/src/auv_ros2/install/auv_description/share/auv_description/models/qualification_gate/model.config
-- Symlinking: /home/jalan/auv_ws/src/auv_ros2/install/auv_description/share/auv_description/models/qualification_gate/model.sdf
-- Symlinking: /home/jalan/auv_ws/src/auv_ros2/install/auv_description/share/auv_description/models/red_bucket/meshes/red_bucket.dae
-- Symlinking: /home/jalan/auv_ws/src/auv_ros2/install/auv_description/share/auv_description/models/red_bucket/meshes/red_bucket_texture.png
-- Symlinking: /home/jalan/auv_ws/src/auv_ros2/install/auv_description/share/auv_description/models/red_bucket/model.config
-- Symlinking: /home/jalan/auv_ws/src/auv_ros2/install/auv_description/share/auv_description/models/red_bucket/model.sdf
-- Symlinking: /home/jalan/auv_ws/src/auv_ros2/install/auv_description/share/auv_description/models/red_flare/model.config
-- Symlinking: /home/jalan/auv_ws/src/auv_ros2/install/auv_description/share/auv_description/models/red_flare/model.sdf
-- Symlinking: /home/jalan/auv_ws/src/auv_ros2/install/auv_description/share/auv_description/models/sand_heightmap/materials/flat_normal.png
-- Symlinking: /home/jalan/auv_ws/src/auv_ros2/install/auv_description/share/auv_description/models/sand_heightmap/materials/soil_sand_0045_01.jpg
-- Symlinking: /home/jalan/auv_ws/src/auv_ros2/install/auv_description/share/auv_description/models/sand_heightmap/meshes/License and source for textures.txt
-- Symlinking: /home/jalan/auv_ws/src/auv_ros2/install/auv_description/share/auv_description/models/sand_heightmap/meshes/heightmap.dae
-- Symlinking: /home/jalan/auv_ws/src/auv_ros2/install/auv_description/share/auv_description/models/sand_heightmap/meshes/sandseabed.dae
-- Symlinking: /home/jalan/auv_ws/src/auv_ros2/install/auv_description/share/auv_description/models/sand_heightmap/meshes/soil_sand_0045_01.jpg
-- Symlinking: /home/jalan/auv_ws/src/auv_ros2/install/auv_description/share/auv_description/models/sand_heightmap/model.config
-- Symlinking: /home/jalan/auv_ws/src/auv_ros2/install/auv_description/share/auv_description/models/sand_heightmap/model.sdf
-- Symlinking: /home/jalan/auv_ws/src/auv_ros2/install/auv_description/share/auv_description/models/starting_zone/meshes/starting_square.png
-- Symlinking: /home/jalan/auv_ws/src/auv_ros2/install/auv_description/share/auv_description/models/starting_zone/meshes/startingsquare.dae
-- Symlinking: /home/jalan/auv_ws/src/auv_ros2/install/auv_description/share/auv_description/models/starting_zone/model.config
-- Symlinking: /home/jalan/auv_ws/src/auv_ros2/install/auv_description/share/auv_description/models/starting_zone/model.sdf
-- Symlinking: /home/jalan/auv_ws/src/auv_ros2/install/auv_description/share/auv_description/models/yellow_flare/model.config
-- Symlinking: /home/jalan/auv_ws/src/auv_ros2/install/auv_description/share/auv_description/models/yellow_flare/model.sdf
-- Symlinking: /home/jalan/auv_ws/src/auv_ros2/install/auv_description/share/auv_description/worlds/competition.world
-- Symlinking: /home/jalan/auv_ws/src/auv_ros2/install/auv_description/share/auv_description/worlds/pool.world
-- Symlinking: /home/jalan/auv_ws/src/auv_ros2/install/auv_description/share/auv_description/worlds/underwater.world
-- Symlinking: /home/jalan/auv_ws/src/auv_ros2/install/auv_description/share/ament_index/resource_index/package_run_dependencies/auv_description
-- Symlinking: /home/jalan/auv_ws/src/auv_ros2/install/auv_description/share/ament_index/resource_index/parent_prefix_path/auv_description
-- Symlinking: /home/jalan/auv_ws/src/auv_ros2/install/auv_description/share/auv_description/environment/ament_prefix_path.sh
-- Symlinking: /home/jalan/auv_ws/src/auv_ros2/install/auv_description/share/auv_description/environment/ament_prefix_path.dsv
-- Symlinking: /home/jalan/auv_ws/src/auv_ros2/install/auv_description/share/auv_description/environment/path.sh
-- Symlinking: /home/jalan/auv_ws/src/auv_ros2/install/auv_description/share/auv_description/environment/path.dsv
-- Symlinking: /home/jalan/auv_ws/src/auv_ros2/install/auv_description/share/auv_description/local_setup.bash
-- Symlinking: /home/jalan/auv_ws/src/auv_ros2/install/auv_description/share/auv_description/local_setup.sh
-- Symlinking: /home/jalan/auv_ws/src/auv_ros2/install/auv_description/share/auv_description/local_setup.zsh
-- Symlinking: /home/jalan/auv_ws/src/auv_ros2/install/auv_description/share/auv_description/local_setup.dsv
-- Symlinking: /home/jalan/auv_ws/src/auv_ros2/install/auv_description/share/auv_description/package.dsv
-- Symlinking: /home/jalan/auv_ws/src/auv_ros2/install/auv_description/share/ament_index/resource_index/packages/auv_description
-- Symlinking: /home/jalan/auv_ws/src/auv_ros2/install/auv_description/share/auv_description/cmake/auv_descriptionConfig.cmake
-- Symlinking: /home/jalan/auv_ws/src/auv_ros2/install/auv_description/share/auv_description/cmake/auv_descriptionConfig-version.cmake
-- Symlinking: /home/jalan/auv_ws/src/auv_ros2/install/auv_description/share/auv_description/package.xml
