[0.028s] Invoking command in '/home/jalan/auv_ws/src/auv_ros2/build/auv_sensing': CMAKE_PREFIX_PATH=/opt/ros/humble /usr/bin/cmake --build /home/jalan/auv_ws/src/auv_ros2/build/auv_sensing -- -j12 -l12
[0.051s] -- Found ament_cmake: 1.3.11 (/opt/ros/humble/share/ament_cmake/cmake)
[0.174s] -- Override CMake install command with custom implementation using symlinks instead of copying resources
[0.190s] -- Found rclcpp: 16.0.11 (/opt/ros/humble/share/rclcpp/cmake)
[0.232s] -- Found rosidl_generator_c: 3.1.6 (/opt/ros/humble/share/rosidl_generator_c/cmake)
[0.234s] -- Found rosidl_adapter: 3.1.6 (/opt/ros/humble/share/rosidl_adapter/cmake)
[0.239s] -- Found rosidl_generator_cpp: 3.1.6 (/opt/ros/humble/share/rosidl_generator_cpp/cmake)
[0.248s] -- Using all available rosidl_typesupport_c: rosidl_typesupport_fastrtps_c;rosidl_typesupport_introspection_c
[0.259s] -- Using all available rosidl_typesupport_cpp: rosidl_typesupport_fastrtps_cpp;rosidl_typesupport_introspection_cpp
[0.287s] -- Found rmw_implementation_cmake: 6.1.2 (/opt/ros/humble/share/rmw_implementation_cmake/cmake)
[0.289s] -- Found rmw_fastrtps_cpp: 6.2.7 (/opt/ros/humble/share/rmw_fastrtps_cpp/cmake)
[0.401s] -- Using RMW implementation 'rmw_fastrtps_cpp' as default
[0.444s] -- Found mavros: 2.9.0 (/opt/ros/humble/share/mavros/cmake)
[0.447s] -- Found mavros_msgs: 2.9.0 (/opt/ros/humble/share/mavros_msgs/cmake)
[0.519s] -- Found ament_lint_auto: 0.12.11 (/opt/ros/humble/share/ament_lint_auto/cmake)
[0.593s] -- Added test 'cppcheck' to perform static code analysis on C / C++ code
[0.593s] -- Configured cppcheck include dirs: 
[0.593s] -- Configured cppcheck exclude dirs and/or files: 
[0.594s] -- Added test 'lint_cmake' to check CMake code style
[0.594s] -- Added test 'uncrustify' to check C / C++ code style
[0.594s] -- Configured uncrustify additional arguments: 
[0.595s] -- Added test 'xmllint' to check XML markup files
[0.597s] -- Configuring done
[0.614s] -- Generating done
[0.618s] -- Build files have been written to: /home/jalan/auv_ws/src/auv_ros2/build/auv_sensing
[0.661s] [ 50%] [32mBuilding CXX object CMakeFiles/sense.dir/src/sense.cpp.o[0m
[0.683s] [100%] [32m[1mLinking CXX executable sense[0m
[0.802s] /usr/bin/ld: /usr/lib/gcc/x86_64-linux-gnu/11/../../../x86_64-linux-gnu/Scrt1.o: in function `_start':
[0.802s] (.text+0x1b): undefined reference to `main'
[0.804s] collect2: error: ld returned 1 exit status
[0.809s] gmake[2]: *** [CMakeFiles/sense.dir/build.make:200: sense] Error 1
[0.809s] gmake[1]: *** [CMakeFiles/Makefile2:137: CMakeFiles/sense.dir/all] Error 2
[0.810s] gmake: *** [Makefile:146: all] Error 2
[0.816s] Invoked command in '/home/jalan/auv_ws/src/auv_ros2/build/auv_sensing' returned '2': CMAKE_PREFIX_PATH=/opt/ros/humble /usr/bin/cmake --build /home/jalan/auv_ws/src/auv_ros2/build/auv_sensing -- -j12 -l12
