[0.000000] (-) TimerEvent: {}
[0.000350] (auv_autonomy) JobQueued: {'identifier': 'auv_autonomy', 'dependencies': OrderedDict()}
[0.000494] (auv_bringup) JobQueued: {'identifier': 'auv_bringup', 'dependencies': OrderedDict()}
[0.000549] (auv_description) JobQueued: {'identifier': 'auv_description', 'dependencies': OrderedDict()}
[0.000599] (auv_sensing) JobQueued: {'identifier': 'auv_sensing', 'dependencies': OrderedDict()}
[0.000679] (auv_autonomy) JobStarted: {'identifier': 'auv_autonomy'}
[0.006068] (auv_bringup) JobStarted: {'identifier': 'auv_bringup'}
[0.009530] (auv_description) JobStarted: {'identifier': 'auv_description'}
[0.012614] (auv_sensing) JobStarted: {'identifier': 'auv_sensing'}
[0.018079] (auv_autonomy) JobProgress: {'identifier': 'auv_autonomy', 'progress': 'cmake'}
[0.018597] (auv_autonomy) Command: {'cmd': ['/usr/bin/cmake', '/home/jalan/auv_ws/src/auv_ros2/auv_autonomy', '-DAMENT_CMAKE_SYMLINK_INSTALL=1', '-DCMAKE_INSTALL_PREFIX=/home/jalan/auv_ws/src/auv_ros2/install/auv_autonomy'], 'cwd': '/home/jalan/auv_ws/src/auv_ros2/build/auv_autonomy', 'env': OrderedDict([('GZ_SIM_SYSTEM_PLUGIN_PATH', '/home/jalan/ardupilot_gazebo/build:/home/jalan/ardupilot_gazebo/build:'), ('GJS_DEBUG_TOPICS', 'JS ERROR;JS LOG'), ('GZ_SIM_RESOURCE_PATH', '/home/jalan/ardupilot_gazebo/models:/home/jalan/ardupilot_gazebo/worlds:/home/jalan/ardupilot_gazebo/models:/home/jalan/ardupilot_gazebo/worlds:'), ('LANGUAGE', 'en_IN:en'), ('USER', 'jalan'), ('FONTCONFIG_PATH', '/etc/fonts'), ('GIO_MODULE_DIR', '/home/jalan/snap/code/common/.cache/gio-modules'), ('XDG_SESSION_TYPE', 'wayland'), ('GTK_EXE_PREFIX_VSCODE_SNAP_ORIG', ''), ('GIT_ASKPASS', '/snap/code/179/usr/share/code/resources/app/extensions/git/dist/askpass.sh'), ('GDK_BACKEND_VSCODE_SNAP_ORIG', ''), ('SHLVL', '2'), ('LD_LIBRARY_PATH', '/opt/ros/humble/opt/rviz_ogre_vendor/lib:/opt/ros/humble/lib/x86_64-linux-gnu:/opt/ros/humble/lib'), ('HOME', '/home/jalan'), ('TERMINFO', '/home/jalan/.local/kitty.app/lib/kitty/terminfo'), ('LOCPATH_VSCODE_SNAP_ORIG', ''), ('OLDPWD', '/home/jalan/auv_ws/src/auv_ros2'), ('CHROME_DESKTOP', 'code.desktop'), ('DESKTOP_SESSION', 'ubuntu'), ('GTK_PATH', '/snap/code/179/usr/lib/x86_64-linux-gnu/gtk-3.0'), ('KITTY_INSTALLATION_DIR', '/home/jalan/.local/kitty.app/lib/kitty'), ('TERM_PROGRAM_VERSION', '1.96.2'), ('XDG_DATA_HOME_VSCODE_SNAP_ORIG', ''), ('GTK_IM_MODULE_FILE', '/home/jalan/snap/code/common/.cache/immodules/immodules.cache'), ('GIO_LAUNCHED_DESKTOP_FILE', '/home/jalan/.local/share/applications/kitty.desktop'), ('ROS_PYTHON_VERSION', '3'), ('GNOME_SHELL_SESSION_MODE', 'ubuntu'), ('GTK_MODULES', 'gail:atk-bridge'), ('GSETTINGS_SCHEMA_DIR_VSCODE_SNAP_ORIG', ''), ('VSCODE_GIT_ASKPASS_MAIN', '/snap/code/179/usr/share/code/resources/app/extensions/git/dist/askpass-main.js'), ('KITTY_PID', '2077'), ('MANAGERPID', '1123'), ('VSCODE_GIT_ASKPASS_NODE', '/snap/code/179/usr/share/code/code'), ('P9K_TTY', 'old'), ('SYSTEMD_EXEC_PID', '1263'), ('DBUS_SESSION_BUS_ADDRESS', 'unix:path=/run/user/1000/bus'), ('COLORTERM', 'truecolor'), ('GIO_LAUNCHED_DESKTOP_FILE_PID', '2077'), ('WAYLAND_DISPLAY', 'wayland-0'), ('ROS_DISTRO', 'humble'), ('LOGNAME', 'jalan'), ('_P9K_SSH_TTY', '/dev/pts/1'), ('JOURNAL_STREAM', '8:11237'), ('_', '/home/jalan/.local/bin/colcon'), ('ROS_VERSION', '2'), ('XDG_CONFIG_DIRS_VSCODE_SNAP_ORIG', ''), ('XDG_SESSION_CLASS', 'user'), ('XDG_DATA_DIRS_VSCODE_SNAP_ORIG', '/usr/local/share/:/usr/share/:/var/lib/snapd/desktop'), ('USER_ZDOTDIR', '/home/jalan'), ('ARDUPILOT_HOME', '/home/jalan/dev/ardupilot/'), ('KITTY_PUBLIC_KEY', '1:F@1V(1kA@Vbk)&uoD44N?i7`f4wt+&tu6z@jc*G%'), ('USERNAME', 'jalan'), ('TERM', 'xterm-256color'), ('GNOME_DESKTOP_SESSION_ID', 'this-is-deprecated'), ('ROS_LOCALHOST_ONLY', '0'), ('PATH', '/home/jalan/.local/bin:/home/jalan/dev/ardupilot//build/sitl/bin:/home/jalan/.local/bin:/home/jalan/dev/ardupilot//build/sitl/bin:/opt/ros/humble/bin:/home/jalan/.local/kitty.app/bin:/usr/local/sbin:/usr/local/bin:/usr/sbin:/usr/bin:/sbin:/bin:/usr/games:/usr/local/games:/snap/bin:/snap/bin'), ('SESSION_MANAGER', 'local/brat:@/tmp/.ICE-unix/1228,unix/brat:/tmp/.ICE-unix/1228'), ('GTK_EXE_PREFIX', '/snap/code/179/usr'), ('INVOCATION_ID', 'ac2295f2bceb436cbda7b19a73c2a267'), ('XDG_MENU_PREFIX', 'gnome-'), ('GNOME_SETUP_DISPLAY', ':1'), ('XDG_RUNTIME_DIR', '/run/user/1000'), ('GDK_BACKEND', 'x11'), ('DISPLAY', ':0'), ('LOCPATH', '/snap/code/179/usr/lib/locale'), ('LANG', 'en_US.UTF-8'), ('XDG_CURRENT_DESKTOP', 'Unity'), ('VSCODE_INJECTION', '1'), ('GIO_MODULE_DIR_VSCODE_SNAP_ORIG', ''), ('XDG_DATA_HOME', '/home/jalan/snap/code/179/.local/share'), ('XMODIFIERS', '@im=ibus'), ('XDG_SESSION_DESKTOP', 'ubuntu'), ('XAUTHORITY', '/run/user/1000/.mutter-Xwaylandauth.62OOZ2'), ('TERM_PROGRAM', 'vscode'), ('VSCODE_GIT_IPC_HANDLE', '/run/user/1000/vscode-git-afb3894977.sock'), ('SSH_AGENT_LAUNCHER', 'gnome-keyring'), ('SSH_AUTH_SOCK', '/run/user/1000/keyring/ssh'), ('GSETTINGS_SCHEMA_DIR', '/home/jalan/snap/code/179/.local/share/glib-2.0/schemas'), ('AMENT_PREFIX_PATH', '/opt/ros/humble'), ('ORIGINAL_XDG_CURRENT_DESKTOP', 'ubuntu:GNOME'), ('SHELL', '/usr/bin/zsh'), ('QT_ACCESSIBILITY', '1'), ('GDMSESSION', 'ubuntu'), ('KITTY_WINDOW_ID', '1'), ('GTK_PATH_VSCODE_SNAP_ORIG', ''), ('FONTCONFIG_FILE', '/etc/fonts/fonts.conf'), ('GTK_IM_MODULE_FILE_VSCODE_SNAP_ORIG', ''), ('GJS_DEBUG_OUTPUT', 'stderr'), ('GZ_VERSION', 'garden'), ('P9K_SSH', '0'), ('QT_IM_MODULE', 'ibus'), ('VSCODE_GIT_ASKPASS_EXTRA_ARGS', ''), ('VSCODE_NONCE', 'e5d77b4b-3d4b-4cab-be76-47c388559700'), ('PWD', '/home/jalan/auv_ws/src/auv_ros2/build/auv_autonomy'), ('LC_ALL', 'en_US.UTF-8'), ('_P9K_TTY', '/dev/pts/1'), ('XDG_DATA_DIRS', '/home/jalan/snap/code/179/.local/share:/home/jalan/snap/code/179:/snap/code/179/usr/share:/usr/local/share/:/usr/share/:/var/lib/snapd/desktop'), ('ZDOTDIR', '/home/jalan'), ('PYTHONPATH', '/opt/ros/humble/lib/python3.10/site-packages:/opt/ros/humble/local/lib/python3.10/dist-packages'), ('COLCON', '1'), ('MANPATH', '/home/jalan/.local/kitty.app/share/man:'), ('CMAKE_PREFIX_PATH', '/opt/ros/humble')]), 'shell': False}
[0.022791] (auv_bringup) JobProgress: {'identifier': 'auv_bringup', 'progress': 'cmake'}
[0.023832] (auv_bringup) Command: {'cmd': ['/usr/bin/cmake', '/home/jalan/auv_ws/src/auv_ros2/auv_bringup', '-DAMENT_CMAKE_SYMLINK_INSTALL=1', '-DCMAKE_INSTALL_PREFIX=/home/jalan/auv_ws/src/auv_ros2/install/auv_bringup'], 'cwd': '/home/jalan/auv_ws/src/auv_ros2/build/auv_bringup', 'env': OrderedDict([('GZ_SIM_SYSTEM_PLUGIN_PATH', '/home/jalan/ardupilot_gazebo/build:/home/jalan/ardupilot_gazebo/build:'), ('GJS_DEBUG_TOPICS', 'JS ERROR;JS LOG'), ('GZ_SIM_RESOURCE_PATH', '/home/jalan/ardupilot_gazebo/models:/home/jalan/ardupilot_gazebo/worlds:/home/jalan/ardupilot_gazebo/models:/home/jalan/ardupilot_gazebo/worlds:'), ('LANGUAGE', 'en_IN:en'), ('USER', 'jalan'), ('FONTCONFIG_PATH', '/etc/fonts'), ('GIO_MODULE_DIR', '/home/jalan/snap/code/common/.cache/gio-modules'), ('XDG_SESSION_TYPE', 'wayland'), ('GTK_EXE_PREFIX_VSCODE_SNAP_ORIG', ''), ('GIT_ASKPASS', '/snap/code/179/usr/share/code/resources/app/extensions/git/dist/askpass.sh'), ('GDK_BACKEND_VSCODE_SNAP_ORIG', ''), ('SHLVL', '2'), ('LD_LIBRARY_PATH', '/opt/ros/humble/opt/rviz_ogre_vendor/lib:/opt/ros/humble/lib/x86_64-linux-gnu:/opt/ros/humble/lib'), ('HOME', '/home/jalan'), ('TERMINFO', '/home/jalan/.local/kitty.app/lib/kitty/terminfo'), ('LOCPATH_VSCODE_SNAP_ORIG', ''), ('OLDPWD', '/home/jalan/auv_ws/src/auv_ros2'), ('CHROME_DESKTOP', 'code.desktop'), ('DESKTOP_SESSION', 'ubuntu'), ('GTK_PATH', '/snap/code/179/usr/lib/x86_64-linux-gnu/gtk-3.0'), ('KITTY_INSTALLATION_DIR', '/home/jalan/.local/kitty.app/lib/kitty'), ('TERM_PROGRAM_VERSION', '1.96.2'), ('XDG_DATA_HOME_VSCODE_SNAP_ORIG', ''), ('GTK_IM_MODULE_FILE', '/home/jalan/snap/code/common/.cache/immodules/immodules.cache'), ('GIO_LAUNCHED_DESKTOP_FILE', '/home/jalan/.local/share/applications/kitty.desktop'), ('ROS_PYTHON_VERSION', '3'), ('GNOME_SHELL_SESSION_MODE', 'ubuntu'), ('GTK_MODULES', 'gail:atk-bridge'), ('GSETTINGS_SCHEMA_DIR_VSCODE_SNAP_ORIG', ''), ('VSCODE_GIT_ASKPASS_MAIN', '/snap/code/179/usr/share/code/resources/app/extensions/git/dist/askpass-main.js'), ('KITTY_PID', '2077'), ('MANAGERPID', '1123'), ('VSCODE_GIT_ASKPASS_NODE', '/snap/code/179/usr/share/code/code'), ('P9K_TTY', 'old'), ('SYSTEMD_EXEC_PID', '1263'), ('DBUS_SESSION_BUS_ADDRESS', 'unix:path=/run/user/1000/bus'), ('COLORTERM', 'truecolor'), ('GIO_LAUNCHED_DESKTOP_FILE_PID', '2077'), ('WAYLAND_DISPLAY', 'wayland-0'), ('ROS_DISTRO', 'humble'), ('LOGNAME', 'jalan'), ('_P9K_SSH_TTY', '/dev/pts/1'), ('JOURNAL_STREAM', '8:11237'), ('_', '/home/jalan/.local/bin/colcon'), ('ROS_VERSION', '2'), ('XDG_CONFIG_DIRS_VSCODE_SNAP_ORIG', ''), ('XDG_SESSION_CLASS', 'user'), ('XDG_DATA_DIRS_VSCODE_SNAP_ORIG', '/usr/local/share/:/usr/share/:/var/lib/snapd/desktop'), ('USER_ZDOTDIR', '/home/jalan'), ('ARDUPILOT_HOME', '/home/jalan/dev/ardupilot/'), ('KITTY_PUBLIC_KEY', '1:F@1V(1kA@Vbk)&uoD44N?i7`f4wt+&tu6z@jc*G%'), ('USERNAME', 'jalan'), ('TERM', 'xterm-256color'), ('GNOME_DESKTOP_SESSION_ID', 'this-is-deprecated'), ('ROS_LOCALHOST_ONLY', '0'), ('PATH', '/home/jalan/.local/bin:/home/jalan/dev/ardupilot//build/sitl/bin:/home/jalan/.local/bin:/home/jalan/dev/ardupilot//build/sitl/bin:/opt/ros/humble/bin:/home/jalan/.local/kitty.app/bin:/usr/local/sbin:/usr/local/bin:/usr/sbin:/usr/bin:/sbin:/bin:/usr/games:/usr/local/games:/snap/bin:/snap/bin'), ('SESSION_MANAGER', 'local/brat:@/tmp/.ICE-unix/1228,unix/brat:/tmp/.ICE-unix/1228'), ('GTK_EXE_PREFIX', '/snap/code/179/usr'), ('INVOCATION_ID', 'ac2295f2bceb436cbda7b19a73c2a267'), ('XDG_MENU_PREFIX', 'gnome-'), ('GNOME_SETUP_DISPLAY', ':1'), ('XDG_RUNTIME_DIR', '/run/user/1000'), ('GDK_BACKEND', 'x11'), ('DISPLAY', ':0'), ('LOCPATH', '/snap/code/179/usr/lib/locale'), ('LANG', 'en_US.UTF-8'), ('XDG_CURRENT_DESKTOP', 'Unity'), ('VSCODE_INJECTION', '1'), ('GIO_MODULE_DIR_VSCODE_SNAP_ORIG', ''), ('XDG_DATA_HOME', '/home/jalan/snap/code/179/.local/share'), ('XMODIFIERS', '@im=ibus'), ('XDG_SESSION_DESKTOP', 'ubuntu'), ('XAUTHORITY', '/run/user/1000/.mutter-Xwaylandauth.62OOZ2'), ('TERM_PROGRAM', 'vscode'), ('VSCODE_GIT_IPC_HANDLE', '/run/user/1000/vscode-git-afb3894977.sock'), ('SSH_AGENT_LAUNCHER', 'gnome-keyring'), ('SSH_AUTH_SOCK', '/run/user/1000/keyring/ssh'), ('GSETTINGS_SCHEMA_DIR', '/home/jalan/snap/code/179/.local/share/glib-2.0/schemas'), ('AMENT_PREFIX_PATH', '/opt/ros/humble'), ('ORIGINAL_XDG_CURRENT_DESKTOP', 'ubuntu:GNOME'), ('SHELL', '/usr/bin/zsh'), ('QT_ACCESSIBILITY', '1'), ('GDMSESSION', 'ubuntu'), ('KITTY_WINDOW_ID', '1'), ('GTK_PATH_VSCODE_SNAP_ORIG', ''), ('FONTCONFIG_FILE', '/etc/fonts/fonts.conf'), ('GTK_IM_MODULE_FILE_VSCODE_SNAP_ORIG', ''), ('GJS_DEBUG_OUTPUT', 'stderr'), ('GZ_VERSION', 'garden'), ('P9K_SSH', '0'), ('QT_IM_MODULE', 'ibus'), ('VSCODE_GIT_ASKPASS_EXTRA_ARGS', ''), ('VSCODE_NONCE', 'e5d77b4b-3d4b-4cab-be76-47c388559700'), ('PWD', '/home/jalan/auv_ws/src/auv_ros2/build/auv_bringup'), ('LC_ALL', 'en_US.UTF-8'), ('_P9K_TTY', '/dev/pts/1'), ('XDG_DATA_DIRS', '/home/jalan/snap/code/179/.local/share:/home/jalan/snap/code/179:/snap/code/179/usr/share:/usr/local/share/:/usr/share/:/var/lib/snapd/desktop'), ('ZDOTDIR', '/home/jalan'), ('PYTHONPATH', '/opt/ros/humble/lib/python3.10/site-packages:/opt/ros/humble/local/lib/python3.10/dist-packages'), ('COLCON', '1'), ('MANPATH', '/home/jalan/.local/kitty.app/share/man:'), ('CMAKE_PREFIX_PATH', '/opt/ros/humble')]), 'shell': False}
[0.027675] (auv_description) JobProgress: {'identifier': 'auv_description', 'progress': 'cmake'}
[0.027729] (auv_description) Command: {'cmd': ['/usr/bin/cmake', '/home/jalan/auv_ws/src/auv_ros2/auv_description', '-DAMENT_CMAKE_SYMLINK_INSTALL=1', '-DCMAKE_INSTALL_PREFIX=/home/jalan/auv_ws/src/auv_ros2/install/auv_description'], 'cwd': '/home/jalan/auv_ws/src/auv_ros2/build/auv_description', 'env': OrderedDict([('GZ_SIM_SYSTEM_PLUGIN_PATH', '/home/jalan/ardupilot_gazebo/build:/home/jalan/ardupilot_gazebo/build:'), ('GJS_DEBUG_TOPICS', 'JS ERROR;JS LOG'), ('GZ_SIM_RESOURCE_PATH', '/home/jalan/ardupilot_gazebo/models:/home/jalan/ardupilot_gazebo/worlds:/home/jalan/ardupilot_gazebo/models:/home/jalan/ardupilot_gazebo/worlds:'), ('LANGUAGE', 'en_IN:en'), ('USER', 'jalan'), ('FONTCONFIG_PATH', '/etc/fonts'), ('GIO_MODULE_DIR', '/home/jalan/snap/code/common/.cache/gio-modules'), ('XDG_SESSION_TYPE', 'wayland'), ('GTK_EXE_PREFIX_VSCODE_SNAP_ORIG', ''), ('GIT_ASKPASS', '/snap/code/179/usr/share/code/resources/app/extensions/git/dist/askpass.sh'), ('GDK_BACKEND_VSCODE_SNAP_ORIG', ''), ('SHLVL', '2'), ('LD_LIBRARY_PATH', '/opt/ros/humble/opt/rviz_ogre_vendor/lib:/opt/ros/humble/lib/x86_64-linux-gnu:/opt/ros/humble/lib'), ('HOME', '/home/jalan'), ('TERMINFO', '/home/jalan/.local/kitty.app/lib/kitty/terminfo'), ('LOCPATH_VSCODE_SNAP_ORIG', ''), ('OLDPWD', '/home/jalan/auv_ws/src/auv_ros2'), ('CHROME_DESKTOP', 'code.desktop'), ('DESKTOP_SESSION', 'ubuntu'), ('GTK_PATH', '/snap/code/179/usr/lib/x86_64-linux-gnu/gtk-3.0'), ('KITTY_INSTALLATION_DIR', '/home/jalan/.local/kitty.app/lib/kitty'), ('TERM_PROGRAM_VERSION', '1.96.2'), ('XDG_DATA_HOME_VSCODE_SNAP_ORIG', ''), ('GTK_IM_MODULE_FILE', '/home/jalan/snap/code/common/.cache/immodules/immodules.cache'), ('GIO_LAUNCHED_DESKTOP_FILE', '/home/jalan/.local/share/applications/kitty.desktop'), ('ROS_PYTHON_VERSION', '3'), ('GNOME_SHELL_SESSION_MODE', 'ubuntu'), ('GTK_MODULES', 'gail:atk-bridge'), ('GSETTINGS_SCHEMA_DIR_VSCODE_SNAP_ORIG', ''), ('VSCODE_GIT_ASKPASS_MAIN', '/snap/code/179/usr/share/code/resources/app/extensions/git/dist/askpass-main.js'), ('KITTY_PID', '2077'), ('MANAGERPID', '1123'), ('VSCODE_GIT_ASKPASS_NODE', '/snap/code/179/usr/share/code/code'), ('P9K_TTY', 'old'), ('SYSTEMD_EXEC_PID', '1263'), ('DBUS_SESSION_BUS_ADDRESS', 'unix:path=/run/user/1000/bus'), ('COLORTERM', 'truecolor'), ('GIO_LAUNCHED_DESKTOP_FILE_PID', '2077'), ('WAYLAND_DISPLAY', 'wayland-0'), ('ROS_DISTRO', 'humble'), ('LOGNAME', 'jalan'), ('_P9K_SSH_TTY', '/dev/pts/1'), ('JOURNAL_STREAM', '8:11237'), ('_', '/home/jalan/.local/bin/colcon'), ('ROS_VERSION', '2'), ('XDG_CONFIG_DIRS_VSCODE_SNAP_ORIG', ''), ('XDG_SESSION_CLASS', 'user'), ('XDG_DATA_DIRS_VSCODE_SNAP_ORIG', '/usr/local/share/:/usr/share/:/var/lib/snapd/desktop'), ('USER_ZDOTDIR', '/home/jalan'), ('ARDUPILOT_HOME', '/home/jalan/dev/ardupilot/'), ('KITTY_PUBLIC_KEY', '1:F@1V(1kA@Vbk)&uoD44N?i7`f4wt+&tu6z@jc*G%'), ('USERNAME', 'jalan'), ('TERM', 'xterm-256color'), ('GNOME_DESKTOP_SESSION_ID', 'this-is-deprecated'), ('ROS_LOCALHOST_ONLY', '0'), ('PATH', '/home/jalan/.local/bin:/home/jalan/dev/ardupilot//build/sitl/bin:/home/jalan/.local/bin:/home/jalan/dev/ardupilot//build/sitl/bin:/opt/ros/humble/bin:/home/jalan/.local/kitty.app/bin:/usr/local/sbin:/usr/local/bin:/usr/sbin:/usr/bin:/sbin:/bin:/usr/games:/usr/local/games:/snap/bin:/snap/bin'), ('SESSION_MANAGER', 'local/brat:@/tmp/.ICE-unix/1228,unix/brat:/tmp/.ICE-unix/1228'), ('GTK_EXE_PREFIX', '/snap/code/179/usr'), ('INVOCATION_ID', 'ac2295f2bceb436cbda7b19a73c2a267'), ('XDG_MENU_PREFIX', 'gnome-'), ('GNOME_SETUP_DISPLAY', ':1'), ('XDG_RUNTIME_DIR', '/run/user/1000'), ('GDK_BACKEND', 'x11'), ('DISPLAY', ':0'), ('LOCPATH', '/snap/code/179/usr/lib/locale'), ('LANG', 'en_US.UTF-8'), ('XDG_CURRENT_DESKTOP', 'Unity'), ('VSCODE_INJECTION', '1'), ('GIO_MODULE_DIR_VSCODE_SNAP_ORIG', ''), ('XDG_DATA_HOME', '/home/jalan/snap/code/179/.local/share'), ('XMODIFIERS', '@im=ibus'), ('XDG_SESSION_DESKTOP', 'ubuntu'), ('XAUTHORITY', '/run/user/1000/.mutter-Xwaylandauth.62OOZ2'), ('TERM_PROGRAM', 'vscode'), ('VSCODE_GIT_IPC_HANDLE', '/run/user/1000/vscode-git-afb3894977.sock'), ('SSH_AGENT_LAUNCHER', 'gnome-keyring'), ('SSH_AUTH_SOCK', '/run/user/1000/keyring/ssh'), ('GSETTINGS_SCHEMA_DIR', '/home/jalan/snap/code/179/.local/share/glib-2.0/schemas'), ('AMENT_PREFIX_PATH', '/opt/ros/humble'), ('ORIGINAL_XDG_CURRENT_DESKTOP', 'ubuntu:GNOME'), ('SHELL', '/usr/bin/zsh'), ('QT_ACCESSIBILITY', '1'), ('GDMSESSION', 'ubuntu'), ('KITTY_WINDOW_ID', '1'), ('GTK_PATH_VSCODE_SNAP_ORIG', ''), ('FONTCONFIG_FILE', '/etc/fonts/fonts.conf'), ('GTK_IM_MODULE_FILE_VSCODE_SNAP_ORIG', ''), ('GJS_DEBUG_OUTPUT', 'stderr'), ('GZ_VERSION', 'garden'), ('P9K_SSH', '0'), ('QT_IM_MODULE', 'ibus'), ('VSCODE_GIT_ASKPASS_EXTRA_ARGS', ''), ('VSCODE_NONCE', 'e5d77b4b-3d4b-4cab-be76-47c388559700'), ('PWD', '/home/jalan/auv_ws/src/auv_ros2/build/auv_description'), ('LC_ALL', 'en_US.UTF-8'), ('_P9K_TTY', '/dev/pts/1'), ('XDG_DATA_DIRS', '/home/jalan/snap/code/179/.local/share:/home/jalan/snap/code/179:/snap/code/179/usr/share:/usr/local/share/:/usr/share/:/var/lib/snapd/desktop'), ('ZDOTDIR', '/home/jalan'), ('PYTHONPATH', '/opt/ros/humble/lib/python3.10/site-packages:/opt/ros/humble/local/lib/python3.10/dist-packages'), ('COLCON', '1'), ('MANPATH', '/home/jalan/.local/kitty.app/share/man:'), ('CMAKE_PREFIX_PATH', '/opt/ros/humble')]), 'shell': False}
[0.031464] (auv_sensing) JobProgress: {'identifier': 'auv_sensing', 'progress': 'cmake'}
[0.032249] (auv_sensing) Command: {'cmd': ['/usr/bin/cmake', '/home/jalan/auv_ws/src/auv_ros2/auv_sensing', '-DAMENT_CMAKE_SYMLINK_INSTALL=1', '-DCMAKE_INSTALL_PREFIX=/home/jalan/auv_ws/src/auv_ros2/install/auv_sensing'], 'cwd': '/home/jalan/auv_ws/src/auv_ros2/build/auv_sensing', 'env': OrderedDict([('GZ_SIM_SYSTEM_PLUGIN_PATH', '/home/jalan/ardupilot_gazebo/build:/home/jalan/ardupilot_gazebo/build:'), ('GJS_DEBUG_TOPICS', 'JS ERROR;JS LOG'), ('GZ_SIM_RESOURCE_PATH', '/home/jalan/ardupilot_gazebo/models:/home/jalan/ardupilot_gazebo/worlds:/home/jalan/ardupilot_gazebo/models:/home/jalan/ardupilot_gazebo/worlds:'), ('LANGUAGE', 'en_IN:en'), ('USER', 'jalan'), ('FONTCONFIG_PATH', '/etc/fonts'), ('GIO_MODULE_DIR', '/home/jalan/snap/code/common/.cache/gio-modules'), ('XDG_SESSION_TYPE', 'wayland'), ('GTK_EXE_PREFIX_VSCODE_SNAP_ORIG', ''), ('GIT_ASKPASS', '/snap/code/179/usr/share/code/resources/app/extensions/git/dist/askpass.sh'), ('GDK_BACKEND_VSCODE_SNAP_ORIG', ''), ('SHLVL', '2'), ('LD_LIBRARY_PATH', '/opt/ros/humble/opt/rviz_ogre_vendor/lib:/opt/ros/humble/lib/x86_64-linux-gnu:/opt/ros/humble/lib'), ('HOME', '/home/jalan'), ('TERMINFO', '/home/jalan/.local/kitty.app/lib/kitty/terminfo'), ('LOCPATH_VSCODE_SNAP_ORIG', ''), ('OLDPWD', '/home/jalan/auv_ws/src/auv_ros2'), ('CHROME_DESKTOP', 'code.desktop'), ('DESKTOP_SESSION', 'ubuntu'), ('GTK_PATH', '/snap/code/179/usr/lib/x86_64-linux-gnu/gtk-3.0'), ('KITTY_INSTALLATION_DIR', '/home/jalan/.local/kitty.app/lib/kitty'), ('TERM_PROGRAM_VERSION', '1.96.2'), ('XDG_DATA_HOME_VSCODE_SNAP_ORIG', ''), ('GTK_IM_MODULE_FILE', '/home/jalan/snap/code/common/.cache/immodules/immodules.cache'), ('GIO_LAUNCHED_DESKTOP_FILE', '/home/jalan/.local/share/applications/kitty.desktop'), ('ROS_PYTHON_VERSION', '3'), ('GNOME_SHELL_SESSION_MODE', 'ubuntu'), ('GTK_MODULES', 'gail:atk-bridge'), ('GSETTINGS_SCHEMA_DIR_VSCODE_SNAP_ORIG', ''), ('VSCODE_GIT_ASKPASS_MAIN', '/snap/code/179/usr/share/code/resources/app/extensions/git/dist/askpass-main.js'), ('KITTY_PID', '2077'), ('MANAGERPID', '1123'), ('VSCODE_GIT_ASKPASS_NODE', '/snap/code/179/usr/share/code/code'), ('P9K_TTY', 'old'), ('SYSTEMD_EXEC_PID', '1263'), ('DBUS_SESSION_BUS_ADDRESS', 'unix:path=/run/user/1000/bus'), ('COLORTERM', 'truecolor'), ('GIO_LAUNCHED_DESKTOP_FILE_PID', '2077'), ('WAYLAND_DISPLAY', 'wayland-0'), ('ROS_DISTRO', 'humble'), ('LOGNAME', 'jalan'), ('_P9K_SSH_TTY', '/dev/pts/1'), ('JOURNAL_STREAM', '8:11237'), ('_', '/home/jalan/.local/bin/colcon'), ('ROS_VERSION', '2'), ('XDG_CONFIG_DIRS_VSCODE_SNAP_ORIG', ''), ('XDG_SESSION_CLASS', 'user'), ('XDG_DATA_DIRS_VSCODE_SNAP_ORIG', '/usr/local/share/:/usr/share/:/var/lib/snapd/desktop'), ('USER_ZDOTDIR', '/home/jalan'), ('ARDUPILOT_HOME', '/home/jalan/dev/ardupilot/'), ('KITTY_PUBLIC_KEY', '1:F@1V(1kA@Vbk)&uoD44N?i7`f4wt+&tu6z@jc*G%'), ('USERNAME', 'jalan'), ('TERM', 'xterm-256color'), ('GNOME_DESKTOP_SESSION_ID', 'this-is-deprecated'), ('ROS_LOCALHOST_ONLY', '0'), ('PATH', '/home/jalan/.local/bin:/home/jalan/dev/ardupilot//build/sitl/bin:/home/jalan/.local/bin:/home/jalan/dev/ardupilot//build/sitl/bin:/opt/ros/humble/bin:/home/jalan/.local/kitty.app/bin:/usr/local/sbin:/usr/local/bin:/usr/sbin:/usr/bin:/sbin:/bin:/usr/games:/usr/local/games:/snap/bin:/snap/bin'), ('SESSION_MANAGER', 'local/brat:@/tmp/.ICE-unix/1228,unix/brat:/tmp/.ICE-unix/1228'), ('GTK_EXE_PREFIX', '/snap/code/179/usr'), ('INVOCATION_ID', 'ac2295f2bceb436cbda7b19a73c2a267'), ('XDG_MENU_PREFIX', 'gnome-'), ('GNOME_SETUP_DISPLAY', ':1'), ('XDG_RUNTIME_DIR', '/run/user/1000'), ('GDK_BACKEND', 'x11'), ('DISPLAY', ':0'), ('LOCPATH', '/snap/code/179/usr/lib/locale'), ('LANG', 'en_US.UTF-8'), ('XDG_CURRENT_DESKTOP', 'Unity'), ('VSCODE_INJECTION', '1'), ('GIO_MODULE_DIR_VSCODE_SNAP_ORIG', ''), ('XDG_DATA_HOME', '/home/jalan/snap/code/179/.local/share'), ('XMODIFIERS', '@im=ibus'), ('XDG_SESSION_DESKTOP', 'ubuntu'), ('XAUTHORITY', '/run/user/1000/.mutter-Xwaylandauth.62OOZ2'), ('TERM_PROGRAM', 'vscode'), ('VSCODE_GIT_IPC_HANDLE', '/run/user/1000/vscode-git-afb3894977.sock'), ('SSH_AGENT_LAUNCHER', 'gnome-keyring'), ('SSH_AUTH_SOCK', '/run/user/1000/keyring/ssh'), ('GSETTINGS_SCHEMA_DIR', '/home/jalan/snap/code/179/.local/share/glib-2.0/schemas'), ('AMENT_PREFIX_PATH', '/opt/ros/humble'), ('ORIGINAL_XDG_CURRENT_DESKTOP', 'ubuntu:GNOME'), ('SHELL', '/usr/bin/zsh'), ('QT_ACCESSIBILITY', '1'), ('GDMSESSION', 'ubuntu'), ('KITTY_WINDOW_ID', '1'), ('GTK_PATH_VSCODE_SNAP_ORIG', ''), ('FONTCONFIG_FILE', '/etc/fonts/fonts.conf'), ('GTK_IM_MODULE_FILE_VSCODE_SNAP_ORIG', ''), ('GJS_DEBUG_OUTPUT', 'stderr'), ('GZ_VERSION', 'garden'), ('P9K_SSH', '0'), ('QT_IM_MODULE', 'ibus'), ('VSCODE_GIT_ASKPASS_EXTRA_ARGS', ''), ('VSCODE_NONCE', 'e5d77b4b-3d4b-4cab-be76-47c388559700'), ('PWD', '/home/jalan/auv_ws/src/auv_ros2/build/auv_sensing'), ('LC_ALL', 'en_US.UTF-8'), ('_P9K_TTY', '/dev/pts/1'), ('XDG_DATA_DIRS', '/home/jalan/snap/code/179/.local/share:/home/jalan/snap/code/179:/snap/code/179/usr/share:/usr/local/share/:/usr/share/:/var/lib/snapd/desktop'), ('ZDOTDIR', '/home/jalan'), ('PYTHONPATH', '/opt/ros/humble/lib/python3.10/site-packages:/opt/ros/humble/local/lib/python3.10/dist-packages'), ('COLCON', '1'), ('MANPATH', '/home/jalan/.local/kitty.app/share/man:'), ('CMAKE_PREFIX_PATH', '/opt/ros/humble')]), 'shell': False}
[0.084665] (auv_bringup) StdoutLine: {'line': b'-- The C compiler identification is GNU 11.4.0\n'}
[0.088352] (auv_autonomy) StdoutLine: {'line': b'-- The C compiler identification is GNU 11.4.0\n'}
[0.089105] (auv_description) StdoutLine: {'line': b'-- The C compiler identification is GNU 11.4.0\n'}
[0.099080] (-) TimerEvent: {}
[0.105827] (auv_sensing) StdoutLine: {'line': b'-- The C compiler identification is GNU 11.4.0\n'}
[0.145691] (auv_bringup) StdoutLine: {'line': b'-- The CXX compiler identification is GNU 11.4.0\n'}
[0.151150] (auv_autonomy) StdoutLine: {'line': b'-- The CXX compiler identification is GNU 11.4.0\n'}
[0.151858] (auv_description) StdoutLine: {'line': b'-- The CXX compiler identification is GNU 11.4.0\n'}
[0.153570] (auv_bringup) StdoutLine: {'line': b'-- Detecting C compiler ABI info\n'}
[0.158914] (auv_autonomy) StdoutLine: {'line': b'-- Detecting C compiler ABI info\n'}
[0.159177] (auv_description) StdoutLine: {'line': b'-- Detecting C compiler ABI info\n'}
[0.171738] (auv_sensing) StdoutLine: {'line': b'-- The CXX compiler identification is GNU 11.4.0\n'}
[0.179080] (auv_sensing) StdoutLine: {'line': b'-- Detecting C compiler ABI info\n'}
[0.199212] (-) TimerEvent: {}
[0.228424] (auv_bringup) StdoutLine: {'line': b'-- Detecting C compiler ABI info - done\n'}
[0.235410] (auv_bringup) StdoutLine: {'line': b'-- Check for working C compiler: /usr/bin/cc - skipped\n'}
[0.235841] (auv_autonomy) StdoutLine: {'line': b'-- Detecting C compiler ABI info - done\n'}
[0.235940] (auv_bringup) StdoutLine: {'line': b'-- Detecting C compile features\n'}
[0.236018] (auv_description) StdoutLine: {'line': b'-- Detecting C compiler ABI info - done\n'}
[0.236132] (auv_bringup) StdoutLine: {'line': b'-- Detecting C compile features - done\n'}
[0.238919] (auv_bringup) StdoutLine: {'line': b'-- Detecting CXX compiler ABI info\n'}
[0.242595] (auv_autonomy) StdoutLine: {'line': b'-- Check for working C compiler: /usr/bin/cc - skipped\n'}
[0.242894] (auv_description) StdoutLine: {'line': b'-- Check for working C compiler: /usr/bin/cc - skipped\n'}
[0.243055] (auv_autonomy) StdoutLine: {'line': b'-- Detecting C compile features\n'}
[0.243177] (auv_description) StdoutLine: {'line': b'-- Detecting C compile features\n'}
[0.243364] (auv_description) StdoutLine: {'line': b'-- Detecting C compile features - done\n'}
[0.243548] (auv_autonomy) StdoutLine: {'line': b'-- Detecting C compile features - done\n'}
[0.246281] (auv_description) StdoutLine: {'line': b'-- Detecting CXX compiler ABI info\n'}
[0.249437] (auv_autonomy) StdoutLine: {'line': b'-- Detecting CXX compiler ABI info\n'}
[0.256389] (auv_sensing) StdoutLine: {'line': b'-- Detecting C compiler ABI info - done\n'}
[0.263513] (auv_sensing) StdoutLine: {'line': b'-- Check for working C compiler: /usr/bin/cc - skipped\n'}
[0.263783] (auv_sensing) StdoutLine: {'line': b'-- Detecting C compile features\n'}
[0.264064] (auv_sensing) StdoutLine: {'line': b'-- Detecting C compile features - done\n'}
[0.267139] (auv_sensing) StdoutLine: {'line': b'-- Detecting CXX compiler ABI info\n'}
[0.299346] (-) TimerEvent: {}
[0.325967] (auv_bringup) StdoutLine: {'line': b'-- Detecting CXX compiler ABI info - done\n'}
[0.336210] (auv_description) StdoutLine: {'line': b'-- Detecting CXX compiler ABI info - done\n'}
[0.336968] (auv_bringup) StdoutLine: {'line': b'-- Check for working CXX compiler: /usr/bin/c++ - skipped\n'}
[0.337109] (auv_bringup) StdoutLine: {'line': b'-- Detecting CXX compile features\n'}
[0.337231] (auv_bringup) StdoutLine: {'line': b'-- Detecting CXX compile features - done\n'}
[0.340388] (auv_bringup) StdoutLine: {'line': b'-- Found ament_cmake: 1.3.11 (/opt/ros/humble/share/ament_cmake/cmake)\n'}
[0.343443] (auv_description) StdoutLine: {'line': b'-- Check for working CXX compiler: /usr/bin/c++ - skipped\n'}
[0.343690] (auv_description) StdoutLine: {'line': b'-- Detecting CXX compile features\n'}
[0.344112] (auv_description) StdoutLine: {'line': b'-- Detecting CXX compile features - done\n'}
[0.348205] (auv_autonomy) StdoutLine: {'line': b'-- Detecting CXX compiler ABI info - done\n'}
[0.353111] (auv_sensing) StdoutLine: {'line': b'-- Detecting CXX compiler ABI info - done\n'}
[0.353293] (auv_description) StdoutLine: {'line': b'-- Found ament_cmake_auto: 1.3.11 (/opt/ros/humble/share/ament_cmake_auto/cmake)\n'}
[0.355271] (auv_autonomy) StdoutLine: {'line': b'-- Check for working CXX compiler: /usr/bin/c++ - skipped\n'}
[0.355489] (auv_autonomy) StdoutLine: {'line': b'-- Detecting CXX compile features\n'}
[0.355917] (auv_autonomy) StdoutLine: {'line': b'-- Detecting CXX compile features - done\n'}
[0.358405] (auv_autonomy) StdoutLine: {'line': b'-- Found ament_cmake: 1.3.11 (/opt/ros/humble/share/ament_cmake/cmake)\n'}
[0.364106] (auv_sensing) StdoutLine: {'line': b'-- Check for working CXX compiler: /usr/bin/c++ - skipped\n'}
[0.364412] (auv_sensing) StdoutLine: {'line': b'-- Detecting CXX compile features\n'}
[0.365027] (auv_sensing) StdoutLine: {'line': b'-- Detecting CXX compile features - done\n'}
[0.367392] (auv_sensing) StdoutLine: {'line': b'-- Found ament_cmake_auto: 1.3.11 (/opt/ros/humble/share/ament_cmake_auto/cmake)\n'}
[0.399457] (-) TimerEvent: {}
[0.500190] (-) TimerEvent: {}
[0.528463] (auv_description) StdoutLine: {'line': b'-- Found Python3: /usr/bin/python3 (found version "3.10.12") found components: Interpreter \n'}
[0.528904] (auv_bringup) StdoutLine: {'line': b'-- Found Python3: /usr/bin/python3 (found version "3.10.12") found components: Interpreter \n'}
[0.536816] (auv_autonomy) StdoutLine: {'line': b'-- Found Python3: /usr/bin/python3 (found version "3.10.12") found components: Interpreter \n'}
[0.559221] (auv_sensing) StdoutLine: {'line': b'-- Found Python3: /usr/bin/python3 (found version "3.10.12") found components: Interpreter \n'}
[0.600315] (-) TimerEvent: {}
[0.608013] (auv_description) StdoutLine: {'line': b'-- Override CMake install command with custom implementation using symlinks instead of copying resources\n'}
[0.612876] (auv_bringup) StdoutLine: {'line': b'-- Override CMake install command with custom implementation using symlinks instead of copying resources\n'}
[0.620601] (auv_autonomy) StdoutLine: {'line': b'-- Override CMake install command with custom implementation using symlinks instead of copying resources\n'}
[0.634064] (auv_sensing) StdoutLine: {'line': b'-- Override CMake install command with custom implementation using symlinks instead of copying resources\n'}
[0.638790] (auv_bringup) StdoutLine: {'line': b'-- Found ament_lint_auto: 0.12.11 (/opt/ros/humble/share/ament_lint_auto/cmake)\n'}
[0.643757] (auv_autonomy) StdoutLine: {'line': b'-- Found rclcpp: 16.0.11 (/opt/ros/humble/share/rclcpp/cmake)\n'}
[0.695200] (auv_autonomy) StdoutLine: {'line': b'-- Found rosidl_generator_c: 3.1.6 (/opt/ros/humble/share/rosidl_generator_c/cmake)\n'}
[0.699486] (auv_autonomy) StdoutLine: {'line': b'-- Found rosidl_adapter: 3.1.6 (/opt/ros/humble/share/rosidl_adapter/cmake)\n'}
[0.700402] (-) TimerEvent: {}
[0.704222] (auv_description) StdoutLine: {'line': b'-- Found ament_lint_auto: 0.12.11 (/opt/ros/humble/share/ament_lint_auto/cmake)\n'}
[0.707111] (auv_autonomy) StdoutLine: {'line': b'-- Found rosidl_generator_cpp: 3.1.6 (/opt/ros/humble/share/rosidl_generator_cpp/cmake)\n'}
[0.718101] (auv_sensing) StderrLine: {'line': b'\x1b[31mCMake Error at /opt/ros/humble/share/ament_cmake_core/cmake/core/ament_package_xml.cmake:53 (message):\n'}
[0.718351] (auv_sensing) StderrLine: {'line': b"  ament_package_xml() package name 'auv_sensing' in '/package.xml' does not\n"}
[0.718478] (auv_sensing) StderrLine: {'line': b"  match current PROJECT_NAME 'auv_description'.  You must call project() with\n"}
[0.718696] (auv_sensing) StderrLine: {'line': b'  the same package name before.\n'}
[0.718779] (auv_sensing) StderrLine: {'line': b'Call Stack (most recent call first):\n'}
[0.718854] (auv_sensing) StderrLine: {'line': b'  /opt/ros/humble/share/ament_cmake_auto/cmake/ament_auto_find_build_dependencies.cmake:42 (ament_package_xml)\n'}
[0.718928] (auv_sensing) StderrLine: {'line': b'  CMakeLists.txt:6 (ament_auto_find_build_dependencies)\n'}
[0.719001] (auv_sensing) StderrLine: {'line': b'\n'}
[0.719077] (auv_sensing) StderrLine: {'line': b'\x1b[0m\n'}
[0.719153] (auv_sensing) StdoutLine: {'line': b'-- Configuring incomplete, errors occurred!\n'}
[0.719236] (auv_sensing) StdoutLine: {'line': b'See also "/home/jalan/auv_ws/src/auv_ros2/build/auv_sensing/CMakeFiles/CMakeOutput.log".\n'}
[0.719315] (auv_autonomy) StdoutLine: {'line': b'-- Using all available rosidl_typesupport_c: rosidl_typesupport_fastrtps_c;rosidl_typesupport_introspection_c\n'}
[0.727852] (auv_sensing) CommandEnded: {'returncode': 1}
[0.733565] (auv_autonomy) StdoutLine: {'line': b'-- Using all available rosidl_typesupport_cpp: rosidl_typesupport_fastrtps_cpp;rosidl_typesupport_introspection_cpp\n'}
[0.746103] (auv_bringup) StdoutLine: {'line': b"-- Added test 'flake8' to check Python code syntax and style conventions\n"}
[0.746919] (auv_bringup) StdoutLine: {'line': b"-- Added test 'lint_cmake' to check CMake code style\n"}
[0.746996] (auv_bringup) StdoutLine: {'line': b"-- Added test 'pep257' to check Python code against some of the docstring style conventions in PEP 257\n"}
[0.748328] (auv_bringup) StdoutLine: {'line': b"-- Added test 'xmllint' to check XML markup files\n"}
[0.750605] (auv_bringup) StdoutLine: {'line': b'-- Configuring done\n'}
[0.751292] (auv_sensing) JobEnded: {'identifier': 'auv_sensing', 'rc': 1}
[0.754507] (auv_bringup) StdoutLine: {'line': b'-- Generating done\n'}
[0.756724] (auv_bringup) StdoutLine: {'line': b'-- Build files have been written to: /home/jalan/auv_ws/src/auv_ros2/build/auv_bringup\n'}
[0.760275] (auv_description) StdoutLine: {'line': b"-- Added test 'lint_cmake' to check CMake code style\n"}
[0.762975] (auv_bringup) JobEnded: {'identifier': 'auv_bringup', 'rc': 'SIGINT'}
[0.770965] (auv_description) StdoutLine: {'line': b"-- Added test 'xmllint' to check XML markup files\n"}
[0.772830] (auv_description) StdoutLine: {'line': b'-- Configuring done\n'}
[0.773609] (auv_autonomy) StdoutLine: {'line': b'-- Found rmw_implementation_cmake: 6.1.2 (/opt/ros/humble/share/rmw_implementation_cmake/cmake)\n'}
[0.776032] (auv_autonomy) StdoutLine: {'line': b'-- Found rmw_fastrtps_cpp: 6.2.7 (/opt/ros/humble/share/rmw_fastrtps_cpp/cmake)\n'}
[0.776491] (auv_description) StdoutLine: {'line': b'-- Generating done\n'}
[0.778300] (auv_description) StdoutLine: {'line': b'-- Build files have been written to: /home/jalan/auv_ws/src/auv_ros2/build/auv_description\n'}
[0.782915] (auv_description) JobEnded: {'identifier': 'auv_description', 'rc': 'SIGINT'}
[0.800558] (-) TimerEvent: {}
[0.882794] (auv_autonomy) StdoutLine: {'line': b'-- Found OpenSSL: /usr/lib/x86_64-linux-gnu/libcrypto.so (found version "3.0.2")  \n'}
[0.900683] (-) TimerEvent: {}
[0.912765] (auv_autonomy) StdoutLine: {'line': b'-- Found FastRTPS: /opt/ros/humble/include  \n'}
[0.960561] (auv_autonomy) StdoutLine: {'line': b"-- Using RMW implementation 'rmw_fastrtps_cpp' as default\n"}
[0.968114] (auv_autonomy) StdoutLine: {'line': b'-- Looking for pthread.h\n'}
[1.000814] (-) TimerEvent: {}
[1.055110] (auv_autonomy) StdoutLine: {'line': b'-- Looking for pthread.h - found\n'}
[1.055689] (auv_autonomy) StdoutLine: {'line': b'-- Performing Test CMAKE_HAVE_LIBC_PTHREAD\n'}
[1.100986] (-) TimerEvent: {}
[1.147344] (auv_autonomy) StdoutLine: {'line': b'-- Performing Test CMAKE_HAVE_LIBC_PTHREAD - Success\n'}
[1.148317] (auv_autonomy) StdoutLine: {'line': b'-- Found Threads: TRUE  \n'}
[1.193450] (auv_autonomy) StdoutLine: {'line': b'-- Found mavros: 2.9.0 (/opt/ros/humble/share/mavros/cmake)\n'}
[1.201116] (-) TimerEvent: {}
[1.204268] (auv_autonomy) StdoutLine: {'line': b'-- Found mavros_msgs: 2.9.0 (/opt/ros/humble/share/mavros_msgs/cmake)\n'}
[1.279235] (auv_autonomy) StdoutLine: {'line': b'-- Found ament_lint_auto: 0.12.11 (/opt/ros/humble/share/ament_lint_auto/cmake)\n'}
[1.301274] (-) TimerEvent: {}
[1.361198] (auv_autonomy) StdoutLine: {'line': b"-- Added test 'cppcheck' to perform static code analysis on C / C++ code\n"}
[1.361445] (auv_autonomy) StdoutLine: {'line': b'-- Configured cppcheck include dirs: \n'}
[1.361576] (auv_autonomy) StdoutLine: {'line': b'-- Configured cppcheck exclude dirs and/or files: \n'}
[1.361928] (auv_autonomy) StdoutLine: {'line': b"-- Added test 'lint_cmake' to check CMake code style\n"}
[1.362868] (auv_autonomy) StdoutLine: {'line': b"-- Added test 'uncrustify' to check C / C++ code style\n"}
[1.363058] (auv_autonomy) StdoutLine: {'line': b'-- Configured uncrustify additional arguments: \n'}
[1.363302] (auv_autonomy) StdoutLine: {'line': b"-- Added test 'xmllint' to check XML markup files\n"}
[1.365598] (auv_autonomy) StdoutLine: {'line': b'-- Configuring done\n'}
[1.385435] (auv_autonomy) StdoutLine: {'line': b'-- Generating done\n'}
[1.389494] (auv_autonomy) StdoutLine: {'line': b'-- Build files have been written to: /home/jalan/auv_ws/src/auv_ros2/build/auv_autonomy\n'}
[1.399009] (auv_autonomy) JobEnded: {'identifier': 'auv_autonomy', 'rc': 'SIGINT'}
[1.400568] (-) EventReactorShutdown: {}
