[35m[1mConsolidate compiler generated dependencies of target forward[0m
[100%] Built target forward
-- Install configuration: ""
-- Execute custom install script
-- Symlinking: /home/jalan/auv_ws/src/auv_ros2/install/auv_autonomy/lib/auv_autonomy/forward
-- Symlinking: /home/jalan/auv_ws/src/auv_ros2/install/auv_autonomy/share/ament_index/resource_index/package_run_dependencies/auv_autonomy
-- Symlinking: /home/jalan/auv_ws/src/auv_ros2/install/auv_autonomy/share/ament_index/resource_index/parent_prefix_path/auv_autonomy
-- Symlinking: /home/jalan/auv_ws/src/auv_ros2/install/auv_autonomy/share/auv_autonomy/environment/ament_prefix_path.sh
-- Symlinking: /home/jalan/auv_ws/src/auv_ros2/install/auv_autonomy/share/auv_autonomy/environment/ament_prefix_path.dsv
-- Symlinking: /home/jalan/auv_ws/src/auv_ros2/install/auv_autonomy/share/auv_autonomy/environment/path.sh
-- Symlinking: /home/jalan/auv_ws/src/auv_ros2/install/auv_autonomy/share/auv_autonomy/environment/path.dsv
-- Symlinking: /home/jalan/auv_ws/src/auv_ros2/install/auv_autonomy/share/auv_autonomy/local_setup.bash
-- Symlinking: /home/jalan/auv_ws/src/auv_ros2/install/auv_autonomy/share/auv_autonomy/local_setup.sh
-- Symlinking: /home/jalan/auv_ws/src/auv_ros2/install/auv_autonomy/share/auv_autonomy/local_setup.zsh
-- Symlinking: /home/jalan/auv_ws/src/auv_ros2/install/auv_autonomy/share/auv_autonomy/local_setup.dsv
-- Symlinking: /home/jalan/auv_ws/src/auv_ros2/install/auv_autonomy/share/auv_autonomy/package.dsv
-- Symlinking: /home/jalan/auv_ws/src/auv_ros2/install/auv_autonomy/share/ament_index/resource_index/packages/auv_autonomy
-- Symlinking: /home/jalan/auv_ws/src/auv_ros2/install/auv_autonomy/share/auv_autonomy/cmake/ament_cmake_export_dependencies-extras.cmake
-- Symlinking: /home/jalan/auv_ws/src/auv_ros2/install/auv_autonomy/share/auv_autonomy/cmake/auv_autonomyConfig.cmake
-- Symlinking: /home/jalan/auv_ws/src/auv_ros2/install/auv_autonomy/share/auv_autonomy/cmake/auv_autonomyConfig-version.cmake
-- Symlinking: /home/jalan/auv_ws/src/auv_ros2/install/auv_autonomy/share/auv_autonomy/package.xml
