[0.112s] DEBUG:colcon:Command line arguments: ['/home/jalan/.local/bin/colcon', 'build', '--symlink-install']
[0.113s] DEBUG:colcon:Parsed command line arguments: Namespace(log_base=None, log_level=None, verb_name='build', build_base='build', install_base='install', merge_install=False, symlink_install=True, test_result_base=None, continue_on_error=False, executor='parallel', parallel_workers=12, event_handlers=None, ignore_user_meta=False, metas=['./colcon.meta'], base_paths=['.'], packages_ignore=None, packages_ignore_regex=None, paths=None, packages_up_to=None, packages_up_to_regex=None, packages_above=None, packages_above_and_dependencies=None, packages_above_depth=None, packages_select_by_dep=None, packages_skip_by_dep=None, packages_skip_up_to=None, packages_select_build_failed=False, packages_skip_build_finished=False, packages_select_test_failures=False, packages_skip_test_passed=False, packages_select=None, packages_skip=None, packages_select_regex=None, packages_skip_regex=None, packages_start=None, packages_end=None, cmake_args=None, cmake_target=None, cmake_target_skip_unavailable=False, cmake_clean_cache=False, cmake_clean_first=False, cmake_force_configure=False, ament_cmake_args=None, catkin_cmake_args=None, catkin_skip_building_tests=False, verb_parser=<colcon_defaults.argument_parser.defaults.DefaultArgumentsDecorator object at 0x7e785f700d00>, verb_extension=<colcon_core.verb.build.BuildVerb object at 0x7e785f700640>, main=<bound method BuildVerb.main of <colcon_core.verb.build.BuildVerb object at 0x7e785f700640>>)
[0.226s] Level 1:colcon.colcon_core.package_discovery:discover_packages(colcon_meta) check parameters
[0.226s] Level 1:colcon.colcon_core.package_discovery:discover_packages(recursive) check parameters
[0.226s] Level 1:colcon.colcon_core.package_discovery:discover_packages(ignore) check parameters
[0.226s] Level 1:colcon.colcon_core.package_discovery:discover_packages(path) check parameters
[0.226s] Level 1:colcon.colcon_core.package_discovery:discover_packages(colcon_meta) discover
[0.226s] Level 1:colcon.colcon_core.package_discovery:discover_packages(recursive) discover
[0.226s] INFO:colcon.colcon_core.package_discovery:Crawling recursively for packages in '/home/jalan/auv_ws/src/auv_ros2'
[0.226s] Level 1:colcon.colcon_core.package_identification:_identify(.) by extensions ['ignore', 'ignore_ament_install']
[0.226s] Level 1:colcon.colcon_core.package_identification:_identify(.) by extension 'ignore'
[0.226s] Level 1:colcon.colcon_core.package_identification:_identify(.) by extension 'ignore_ament_install'
[0.226s] Level 1:colcon.colcon_core.package_identification:_identify(.) by extensions ['colcon_pkg']
[0.226s] Level 1:colcon.colcon_core.package_identification:_identify(.) by extension 'colcon_pkg'
[0.226s] Level 1:colcon.colcon_core.package_identification:_identify(.) by extensions ['colcon_meta']
[0.226s] Level 1:colcon.colcon_core.package_identification:_identify(.) by extension 'colcon_meta'
[0.227s] Level 1:colcon.colcon_core.package_identification:_identify(.) by extensions ['ros']
[0.227s] Level 1:colcon.colcon_core.package_identification:_identify(.) by extension 'ros'
[0.236s] Level 1:colcon.colcon_core.package_identification:_identify(.) by extensions ['cmake', 'python']
[0.236s] Level 1:colcon.colcon_core.package_identification:_identify(.) by extension 'cmake'
[0.236s] Level 1:colcon.colcon_core.package_identification:_identify(.) by extension 'python'
[0.236s] Level 1:colcon.colcon_core.package_identification:_identify(.) by extensions ['python_setup_py']
[0.236s] Level 1:colcon.colcon_core.package_identification:_identify(.) by extension 'python_setup_py'
[0.236s] Level 1:colcon.colcon_core.package_identification:_identify(auv_autonomy) by extensions ['ignore', 'ignore_ament_install']
[0.236s] Level 1:colcon.colcon_core.package_identification:_identify(auv_autonomy) by extension 'ignore'
[0.236s] Level 1:colcon.colcon_core.package_identification:_identify(auv_autonomy) by extension 'ignore_ament_install'
[0.236s] Level 1:colcon.colcon_core.package_identification:_identify(auv_autonomy) by extensions ['colcon_pkg']
[0.237s] Level 1:colcon.colcon_core.package_identification:_identify(auv_autonomy) by extension 'colcon_pkg'
[0.237s] Level 1:colcon.colcon_core.package_identification:_identify(auv_autonomy) by extensions ['colcon_meta']
[0.237s] Level 1:colcon.colcon_core.package_identification:_identify(auv_autonomy) by extension 'colcon_meta'
[0.237s] Level 1:colcon.colcon_core.package_identification:_identify(auv_autonomy) by extensions ['ros']
[0.237s] Level 1:colcon.colcon_core.package_identification:_identify(auv_autonomy) by extension 'ros'
[0.239s] DEBUG:colcon.colcon_core.package_identification:Package 'auv_autonomy' with type 'ros.ament_cmake' and name 'auv_autonomy'
[0.239s] Level 1:colcon.colcon_core.package_identification:_identify(auv_bringup) by extensions ['ignore', 'ignore_ament_install']
[0.239s] Level 1:colcon.colcon_core.package_identification:_identify(auv_bringup) by extension 'ignore'
[0.239s] Level 1:colcon.colcon_core.package_identification:_identify(auv_bringup) by extension 'ignore_ament_install'
[0.239s] Level 1:colcon.colcon_core.package_identification:_identify(auv_bringup) by extensions ['colcon_pkg']
[0.239s] Level 1:colcon.colcon_core.package_identification:_identify(auv_bringup) by extension 'colcon_pkg'
[0.239s] Level 1:colcon.colcon_core.package_identification:_identify(auv_bringup) by extensions ['colcon_meta']
[0.239s] Level 1:colcon.colcon_core.package_identification:_identify(auv_bringup) by extension 'colcon_meta'
[0.239s] Level 1:colcon.colcon_core.package_identification:_identify(auv_bringup) by extensions ['ros']
[0.239s] Level 1:colcon.colcon_core.package_identification:_identify(auv_bringup) by extension 'ros'
[0.240s] DEBUG:colcon.colcon_core.package_identification:Package 'auv_bringup' with type 'ros.ament_cmake' and name 'auv_bringup'
[0.240s] Level 1:colcon.colcon_core.package_identification:_identify(auv_description) by extensions ['ignore', 'ignore_ament_install']
[0.240s] Level 1:colcon.colcon_core.package_identification:_identify(auv_description) by extension 'ignore'
[0.240s] Level 1:colcon.colcon_core.package_identification:_identify(auv_description) by extension 'ignore_ament_install'
[0.240s] Level 1:colcon.colcon_core.package_identification:_identify(auv_description) by extensions ['colcon_pkg']
[0.240s] Level 1:colcon.colcon_core.package_identification:_identify(auv_description) by extension 'colcon_pkg'
[0.240s] Level 1:colcon.colcon_core.package_identification:_identify(auv_description) by extensions ['colcon_meta']
[0.240s] Level 1:colcon.colcon_core.package_identification:_identify(auv_description) by extension 'colcon_meta'
[0.240s] Level 1:colcon.colcon_core.package_identification:_identify(auv_description) by extensions ['ros']
[0.240s] Level 1:colcon.colcon_core.package_identification:_identify(auv_description) by extension 'ros'
[0.241s] DEBUG:colcon.colcon_core.package_identification:Package 'auv_description' with type 'ros.ament_cmake' and name 'auv_description'
[0.241s] Level 1:colcon.colcon_core.package_identification:_identify(auv_sensing) by extensions ['ignore', 'ignore_ament_install']
[0.241s] Level 1:colcon.colcon_core.package_identification:_identify(auv_sensing) by extension 'ignore'
[0.241s] Level 1:colcon.colcon_core.package_identification:_identify(auv_sensing) by extension 'ignore_ament_install'
[0.241s] Level 1:colcon.colcon_core.package_identification:_identify(auv_sensing) by extensions ['colcon_pkg']
[0.241s] Level 1:colcon.colcon_core.package_identification:_identify(auv_sensing) by extension 'colcon_pkg'
[0.241s] Level 1:colcon.colcon_core.package_identification:_identify(auv_sensing) by extensions ['colcon_meta']
[0.241s] Level 1:colcon.colcon_core.package_identification:_identify(auv_sensing) by extension 'colcon_meta'
[0.241s] Level 1:colcon.colcon_core.package_identification:_identify(auv_sensing) by extensions ['ros']
[0.241s] Level 1:colcon.colcon_core.package_identification:_identify(auv_sensing) by extension 'ros'
[0.242s] DEBUG:colcon.colcon_core.package_identification:Package 'auv_sensing' with type 'ros.ament_cmake' and name 'auv_sensing'
[0.242s] Level 1:colcon.colcon_core.package_identification:_identify(build) by extensions ['ignore', 'ignore_ament_install']
[0.242s] Level 1:colcon.colcon_core.package_identification:_identify(build) by extension 'ignore'
[0.242s] Level 1:colcon.colcon_core.package_identification:_identify(build) ignored
[0.242s] Level 1:colcon.colcon_core.package_identification:_identify(images) by extensions ['ignore', 'ignore_ament_install']
[0.242s] Level 1:colcon.colcon_core.package_identification:_identify(images) by extension 'ignore'
[0.242s] Level 1:colcon.colcon_core.package_identification:_identify(images) by extension 'ignore_ament_install'
[0.242s] Level 1:colcon.colcon_core.package_identification:_identify(images) by extensions ['colcon_pkg']
[0.242s] Level 1:colcon.colcon_core.package_identification:_identify(images) by extension 'colcon_pkg'
[0.242s] Level 1:colcon.colcon_core.package_identification:_identify(images) by extensions ['colcon_meta']
[0.242s] Level 1:colcon.colcon_core.package_identification:_identify(images) by extension 'colcon_meta'
[0.242s] Level 1:colcon.colcon_core.package_identification:_identify(images) by extensions ['ros']
[0.242s] Level 1:colcon.colcon_core.package_identification:_identify(images) by extension 'ros'
[0.242s] Level 1:colcon.colcon_core.package_identification:_identify(images) by extensions ['cmake', 'python']
[0.242s] Level 1:colcon.colcon_core.package_identification:_identify(images) by extension 'cmake'
[0.242s] Level 1:colcon.colcon_core.package_identification:_identify(images) by extension 'python'
[0.242s] Level 1:colcon.colcon_core.package_identification:_identify(images) by extensions ['python_setup_py']
[0.242s] Level 1:colcon.colcon_core.package_identification:_identify(images) by extension 'python_setup_py'
[0.243s] Level 1:colcon.colcon_core.package_identification:_identify(install) by extensions ['ignore', 'ignore_ament_install']
[0.243s] Level 1:colcon.colcon_core.package_identification:_identify(install) by extension 'ignore'
[0.243s] Level 1:colcon.colcon_core.package_identification:_identify(install) ignored
[0.243s] Level 1:colcon.colcon_core.package_identification:_identify(log) by extensions ['ignore', 'ignore_ament_install']
[0.243s] Level 1:colcon.colcon_core.package_identification:_identify(log) by extension 'ignore'
[0.243s] Level 1:colcon.colcon_core.package_identification:_identify(log) ignored
[0.243s] Level 1:colcon.colcon_core.package_discovery:discover_packages(recursive) using defaults
[0.243s] Level 1:colcon.colcon_core.package_discovery:discover_packages(ignore) discover
[0.243s] Level 1:colcon.colcon_core.package_discovery:discover_packages(ignore) using defaults
[0.243s] Level 1:colcon.colcon_core.package_discovery:discover_packages(path) discover
[0.243s] Level 1:colcon.colcon_core.package_discovery:discover_packages(path) using defaults
[0.260s] Level 5:colcon.colcon_core.verb:set package 'auv_autonomy' build argument 'cmake_args' from command line to 'None'
[0.260s] Level 5:colcon.colcon_core.verb:set package 'auv_autonomy' build argument 'cmake_target' from command line to 'None'
[0.260s] Level 5:colcon.colcon_core.verb:set package 'auv_autonomy' build argument 'cmake_target_skip_unavailable' from command line to 'False'
[0.260s] Level 5:colcon.colcon_core.verb:set package 'auv_autonomy' build argument 'cmake_clean_cache' from command line to 'False'
[0.261s] Level 5:colcon.colcon_core.verb:set package 'auv_autonomy' build argument 'cmake_clean_first' from command line to 'False'
[0.261s] Level 5:colcon.colcon_core.verb:set package 'auv_autonomy' build argument 'cmake_force_configure' from command line to 'False'
[0.261s] Level 5:colcon.colcon_core.verb:set package 'auv_autonomy' build argument 'ament_cmake_args' from command line to 'None'
[0.261s] Level 5:colcon.colcon_core.verb:set package 'auv_autonomy' build argument 'catkin_cmake_args' from command line to 'None'
[0.261s] Level 5:colcon.colcon_core.verb:set package 'auv_autonomy' build argument 'catkin_skip_building_tests' from command line to 'False'
[0.261s] DEBUG:colcon.colcon_core.verb:Building package 'auv_autonomy' with the following arguments: {'ament_cmake_args': None, 'build_base': '/home/jalan/auv_ws/src/auv_ros2/build/auv_autonomy', 'catkin_cmake_args': None, 'catkin_skip_building_tests': False, 'cmake_args': None, 'cmake_clean_cache': False, 'cmake_clean_first': False, 'cmake_force_configure': False, 'cmake_target': None, 'cmake_target_skip_unavailable': False, 'install_base': '/home/jalan/auv_ws/src/auv_ros2/install/auv_autonomy', 'merge_install': False, 'path': '/home/jalan/auv_ws/src/auv_ros2/auv_autonomy', 'symlink_install': True, 'test_result_base': None}
[0.261s] Level 5:colcon.colcon_core.verb:set package 'auv_bringup' build argument 'cmake_args' from command line to 'None'
[0.261s] Level 5:colcon.colcon_core.verb:set package 'auv_bringup' build argument 'cmake_target' from command line to 'None'
[0.261s] Level 5:colcon.colcon_core.verb:set package 'auv_bringup' build argument 'cmake_target_skip_unavailable' from command line to 'False'
[0.261s] Level 5:colcon.colcon_core.verb:set package 'auv_bringup' build argument 'cmake_clean_cache' from command line to 'False'
[0.261s] Level 5:colcon.colcon_core.verb:set package 'auv_bringup' build argument 'cmake_clean_first' from command line to 'False'
[0.261s] Level 5:colcon.colcon_core.verb:set package 'auv_bringup' build argument 'cmake_force_configure' from command line to 'False'
[0.261s] Level 5:colcon.colcon_core.verb:set package 'auv_bringup' build argument 'ament_cmake_args' from command line to 'None'
[0.261s] Level 5:colcon.colcon_core.verb:set package 'auv_bringup' build argument 'catkin_cmake_args' from command line to 'None'
[0.261s] Level 5:colcon.colcon_core.verb:set package 'auv_bringup' build argument 'catkin_skip_building_tests' from command line to 'False'
[0.261s] DEBUG:colcon.colcon_core.verb:Building package 'auv_bringup' with the following arguments: {'ament_cmake_args': None, 'build_base': '/home/jalan/auv_ws/src/auv_ros2/build/auv_bringup', 'catkin_cmake_args': None, 'catkin_skip_building_tests': False, 'cmake_args': None, 'cmake_clean_cache': False, 'cmake_clean_first': False, 'cmake_force_configure': False, 'cmake_target': None, 'cmake_target_skip_unavailable': False, 'install_base': '/home/jalan/auv_ws/src/auv_ros2/install/auv_bringup', 'merge_install': False, 'path': '/home/jalan/auv_ws/src/auv_ros2/auv_bringup', 'symlink_install': True, 'test_result_base': None}
[0.261s] Level 5:colcon.colcon_core.verb:set package 'auv_description' build argument 'cmake_args' from command line to 'None'
[0.261s] Level 5:colcon.colcon_core.verb:set package 'auv_description' build argument 'cmake_target' from command line to 'None'
[0.261s] Level 5:colcon.colcon_core.verb:set package 'auv_description' build argument 'cmake_target_skip_unavailable' from command line to 'False'
[0.261s] Level 5:colcon.colcon_core.verb:set package 'auv_description' build argument 'cmake_clean_cache' from command line to 'False'
[0.261s] Level 5:colcon.colcon_core.verb:set package 'auv_description' build argument 'cmake_clean_first' from command line to 'False'
[0.261s] Level 5:colcon.colcon_core.verb:set package 'auv_description' build argument 'cmake_force_configure' from command line to 'False'
[0.262s] Level 5:colcon.colcon_core.verb:set package 'auv_description' build argument 'ament_cmake_args' from command line to 'None'
[0.262s] Level 5:colcon.colcon_core.verb:set package 'auv_description' build argument 'catkin_cmake_args' from command line to 'None'
[0.262s] Level 5:colcon.colcon_core.verb:set package 'auv_description' build argument 'catkin_skip_building_tests' from command line to 'False'
[0.262s] DEBUG:colcon.colcon_core.verb:Building package 'auv_description' with the following arguments: {'ament_cmake_args': None, 'build_base': '/home/jalan/auv_ws/src/auv_ros2/build/auv_description', 'catkin_cmake_args': None, 'catkin_skip_building_tests': False, 'cmake_args': None, 'cmake_clean_cache': False, 'cmake_clean_first': False, 'cmake_force_configure': False, 'cmake_target': None, 'cmake_target_skip_unavailable': False, 'install_base': '/home/jalan/auv_ws/src/auv_ros2/install/auv_description', 'merge_install': False, 'path': '/home/jalan/auv_ws/src/auv_ros2/auv_description', 'symlink_install': True, 'test_result_base': None}
[0.262s] Level 5:colcon.colcon_core.verb:set package 'auv_sensing' build argument 'cmake_args' from command line to 'None'
[0.262s] Level 5:colcon.colcon_core.verb:set package 'auv_sensing' build argument 'cmake_target' from command line to 'None'
[0.262s] Level 5:colcon.colcon_core.verb:set package 'auv_sensing' build argument 'cmake_target_skip_unavailable' from command line to 'False'
[0.262s] Level 5:colcon.colcon_core.verb:set package 'auv_sensing' build argument 'cmake_clean_cache' from command line to 'False'
[0.262s] Level 5:colcon.colcon_core.verb:set package 'auv_sensing' build argument 'cmake_clean_first' from command line to 'False'
[0.262s] Level 5:colcon.colcon_core.verb:set package 'auv_sensing' build argument 'cmake_force_configure' from command line to 'False'
[0.262s] Level 5:colcon.colcon_core.verb:set package 'auv_sensing' build argument 'ament_cmake_args' from command line to 'None'
[0.262s] Level 5:colcon.colcon_core.verb:set package 'auv_sensing' build argument 'catkin_cmake_args' from command line to 'None'
[0.262s] Level 5:colcon.colcon_core.verb:set package 'auv_sensing' build argument 'catkin_skip_building_tests' from command line to 'False'
[0.262s] DEBUG:colcon.colcon_core.verb:Building package 'auv_sensing' with the following arguments: {'ament_cmake_args': None, 'build_base': '/home/jalan/auv_ws/src/auv_ros2/build/auv_sensing', 'catkin_cmake_args': None, 'catkin_skip_building_tests': False, 'cmake_args': None, 'cmake_clean_cache': False, 'cmake_clean_first': False, 'cmake_force_configure': False, 'cmake_target': None, 'cmake_target_skip_unavailable': False, 'install_base': '/home/jalan/auv_ws/src/auv_ros2/install/auv_sensing', 'merge_install': False, 'path': '/home/jalan/auv_ws/src/auv_ros2/auv_sensing', 'symlink_install': True, 'test_result_base': None}
[0.262s] INFO:colcon.colcon_core.executor:Executing jobs using 'parallel' executor
[0.263s] DEBUG:colcon.colcon_parallel_executor.executor.parallel:run_until_complete
[0.263s] INFO:colcon.colcon_ros.task.ament_cmake.build:Building ROS package in '/home/jalan/auv_ws/src/auv_ros2/auv_autonomy' with build type 'ament_cmake'
[0.264s] INFO:colcon.colcon_cmake.task.cmake.build:Building CMake package in '/home/jalan/auv_ws/src/auv_ros2/auv_autonomy'
[0.266s] INFO:colcon.colcon_core.plugin_system:Skipping extension 'colcon_core.shell.bat': Not used on non-Windows systems
[0.266s] INFO:colcon.colcon_core.shell:Skip shell extension 'powershell' for command environment: Not usable outside of PowerShell
[0.266s] DEBUG:colcon.colcon_core.shell:Skip shell extension 'dsv' for command environment
[0.270s] INFO:colcon.colcon_ros.task.ament_cmake.build:Building ROS package in '/home/jalan/auv_ws/src/auv_ros2/auv_bringup' with build type 'ament_cmake'
[0.270s] INFO:colcon.colcon_cmake.task.cmake.build:Building CMake package in '/home/jalan/auv_ws/src/auv_ros2/auv_bringup'
[0.270s] INFO:colcon.colcon_core.shell:Skip shell extension 'powershell' for command environment: Not usable outside of PowerShell
[0.270s] DEBUG:colcon.colcon_core.shell:Skip shell extension 'dsv' for command environment
[0.273s] INFO:colcon.colcon_ros.task.ament_cmake.build:Building ROS package in '/home/jalan/auv_ws/src/auv_ros2/auv_description' with build type 'ament_cmake'
[0.273s] INFO:colcon.colcon_cmake.task.cmake.build:Building CMake package in '/home/jalan/auv_ws/src/auv_ros2/auv_description'
[0.274s] INFO:colcon.colcon_core.shell:Skip shell extension 'powershell' for command environment: Not usable outside of PowerShell
[0.274s] DEBUG:colcon.colcon_core.shell:Skip shell extension 'dsv' for command environment
[0.277s] INFO:colcon.colcon_ros.task.ament_cmake.build:Building ROS package in '/home/jalan/auv_ws/src/auv_ros2/auv_sensing' with build type 'ament_cmake'
[0.277s] INFO:colcon.colcon_cmake.task.cmake.build:Building CMake package in '/home/jalan/auv_ws/src/auv_ros2/auv_sensing'
[0.277s] INFO:colcon.colcon_core.shell:Skip shell extension 'powershell' for command environment: Not usable outside of PowerShell
[0.277s] DEBUG:colcon.colcon_core.shell:Skip shell extension 'dsv' for command environment
[0.287s] DEBUG:colcon.colcon_core.event_handler.log_command:Invoking command in '/home/jalan/auv_ws/src/auv_ros2/build/auv_autonomy': CMAKE_PREFIX_PATH=/opt/ros/humble /usr/bin/cmake --build /home/jalan/auv_ws/src/auv_ros2/build/auv_autonomy -- -j12 -l12
[0.293s] DEBUG:colcon.colcon_core.event_handler.log_command:Invoking command in '/home/jalan/auv_ws/src/auv_ros2/build/auv_bringup': CMAKE_PREFIX_PATH=/opt/ros/humble /usr/bin/cmake --build /home/jalan/auv_ws/src/auv_ros2/build/auv_bringup -- -j12 -l12
[0.297s] DEBUG:colcon.colcon_core.event_handler.log_command:Invoking command in '/home/jalan/auv_ws/src/auv_ros2/build/auv_description': CMAKE_PREFIX_PATH=/opt/ros/humble /usr/bin/cmake --build /home/jalan/auv_ws/src/auv_ros2/build/auv_description -- -j12 -l12
[0.301s] DEBUG:colcon.colcon_core.event_handler.log_command:Invoking command in '/home/jalan/auv_ws/src/auv_ros2/build/auv_sensing': CMAKE_PREFIX_PATH=/opt/ros/humble /usr/bin/cmake --build /home/jalan/auv_ws/src/auv_ros2/build/auv_sensing -- -j12 -l12
[0.335s] DEBUG:colcon.colcon_core.event_handler.log_command:Invoked command in '/home/jalan/auv_ws/src/auv_ros2/build/auv_bringup' returned '0': CMAKE_PREFIX_PATH=/opt/ros/humble /usr/bin/cmake --build /home/jalan/auv_ws/src/auv_ros2/build/auv_bringup -- -j12 -l12
[0.346s] DEBUG:colcon.colcon_core.event_handler.log_command:Invoking command in '/home/jalan/auv_ws/src/auv_ros2/build/auv_bringup': CMAKE_PREFIX_PATH=/opt/ros/humble /usr/bin/cmake --install /home/jalan/auv_ws/src/auv_ros2/build/auv_bringup
[0.347s] DEBUG:colcon.colcon_core.event_handler.log_command:Invoked command in '/home/jalan/auv_ws/src/auv_ros2/build/auv_description' returned '0': CMAKE_PREFIX_PATH=/opt/ros/humble /usr/bin/cmake --build /home/jalan/auv_ws/src/auv_ros2/build/auv_description -- -j12 -l12
[0.349s] DEBUG:colcon.colcon_core.event_handler.log_command:Invoking command in '/home/jalan/auv_ws/src/auv_ros2/build/auv_description': CMAKE_PREFIX_PATH=/opt/ros/humble /usr/bin/cmake --install /home/jalan/auv_ws/src/auv_ros2/build/auv_description
[0.370s] DEBUG:colcon.colcon_core.event_handler.log_command:Invoked command in '/home/jalan/auv_ws/src/auv_ros2/build/auv_autonomy' returned '0': CMAKE_PREFIX_PATH=/opt/ros/humble /usr/bin/cmake --build /home/jalan/auv_ws/src/auv_ros2/build/auv_autonomy -- -j12 -l12
[0.372s] DEBUG:colcon.colcon_core.event_handler.log_command:Invoking command in '/home/jalan/auv_ws/src/auv_ros2/build/auv_autonomy': CMAKE_PREFIX_PATH=/opt/ros/humble /usr/bin/cmake --install /home/jalan/auv_ws/src/auv_ros2/build/auv_autonomy
[0.373s] Level 1:colcon.colcon_core.environment:create_environment_scripts_only(auv_description)
[0.374s] DEBUG:colcon.colcon_core.event_handler.log_command:Invoked command in '/home/jalan/auv_ws/src/auv_ros2/build/auv_description' returned '0': CMAKE_PREFIX_PATH=/opt/ros/humble /usr/bin/cmake --install /home/jalan/auv_ws/src/auv_ros2/build/auv_description
[0.376s] Level 1:colcon.colcon_core.environment:checking '/home/jalan/auv_ws/src/auv_ros2/install/auv_description' for CMake module files
[0.376s] Level 1:colcon.colcon_core.environment:checking '/home/jalan/auv_ws/src/auv_ros2/install/auv_description' for CMake config files
[0.377s] Level 1:colcon.colcon_core.shell:create_environment_hook('auv_description', 'cmake_prefix_path')
[0.378s] INFO:colcon.colcon_core.shell:Creating environment hook '/home/jalan/auv_ws/src/auv_ros2/install/auv_description/share/auv_description/hook/cmake_prefix_path.ps1'
[0.379s] INFO:colcon.colcon_core.shell:Creating environment descriptor '/home/jalan/auv_ws/src/auv_ros2/install/auv_description/share/auv_description/hook/cmake_prefix_path.dsv'
[0.379s] INFO:colcon.colcon_core.shell:Creating environment hook '/home/jalan/auv_ws/src/auv_ros2/install/auv_description/share/auv_description/hook/cmake_prefix_path.sh'
[0.381s] Level 1:colcon.colcon_core.environment:checking '/home/jalan/auv_ws/src/auv_ros2/install/auv_description/bin'
[0.381s] Level 1:colcon.colcon_core.environment:checking '/home/jalan/auv_ws/src/auv_ros2/install/auv_description/lib/pkgconfig/auv_description.pc'
[0.384s] Level 1:colcon.colcon_core.environment:checking '/home/jalan/auv_ws/src/auv_ros2/install/auv_description/lib/python3.10/site-packages'
[0.384s] Level 1:colcon.colcon_core.environment:checking '/home/jalan/auv_ws/src/auv_ros2/install/auv_description/bin'
[0.384s] INFO:colcon.colcon_core.shell:Creating package script '/home/jalan/auv_ws/src/auv_ros2/install/auv_description/share/auv_description/package.ps1'
[0.385s] INFO:colcon.colcon_core.shell:Creating package descriptor '/home/jalan/auv_ws/src/auv_ros2/install/auv_description/share/auv_description/package.dsv'
[0.386s] INFO:colcon.colcon_core.shell:Creating package script '/home/jalan/auv_ws/src/auv_ros2/install/auv_description/share/auv_description/package.sh'
[0.386s] INFO:colcon.colcon_core.shell:Creating package script '/home/jalan/auv_ws/src/auv_ros2/install/auv_description/share/auv_description/package.bash'
[0.387s] INFO:colcon.colcon_core.shell:Creating package script '/home/jalan/auv_ws/src/auv_ros2/install/auv_description/share/auv_description/package.zsh'
[0.387s] Level 1:colcon.colcon_core.environment:create_file_with_runtime_dependencies(/home/jalan/auv_ws/src/auv_ros2/install/auv_description/share/colcon-core/packages/auv_description)
[0.388s] Level 1:colcon.colcon_core.environment:create_environment_scripts_only(auv_description)
[0.388s] Level 1:colcon.colcon_core.environment:checking '/home/jalan/auv_ws/src/auv_ros2/install/auv_description' for CMake module files
[0.389s] Level 1:colcon.colcon_core.environment:checking '/home/jalan/auv_ws/src/auv_ros2/install/auv_description' for CMake config files
[0.390s] Level 1:colcon.colcon_core.shell:create_environment_hook('auv_description', 'cmake_prefix_path')
[0.390s] INFO:colcon.colcon_core.shell:Creating environment hook '/home/jalan/auv_ws/src/auv_ros2/install/auv_description/share/auv_description/hook/cmake_prefix_path.ps1'
[0.391s] INFO:colcon.colcon_core.shell:Creating environment descriptor '/home/jalan/auv_ws/src/auv_ros2/install/auv_description/share/auv_description/hook/cmake_prefix_path.dsv'
[0.391s] INFO:colcon.colcon_core.shell:Creating environment hook '/home/jalan/auv_ws/src/auv_ros2/install/auv_description/share/auv_description/hook/cmake_prefix_path.sh'
[0.392s] Level 1:colcon.colcon_core.environment:checking '/home/jalan/auv_ws/src/auv_ros2/install/auv_description/bin'
[0.392s] Level 1:colcon.colcon_core.environment:checking '/home/jalan/auv_ws/src/auv_ros2/install/auv_description/lib/pkgconfig/auv_description.pc'
[0.392s] Level 1:colcon.colcon_core.environment:checking '/home/jalan/auv_ws/src/auv_ros2/install/auv_description/lib/python3.10/site-packages'
[0.392s] Level 1:colcon.colcon_core.environment:checking '/home/jalan/auv_ws/src/auv_ros2/install/auv_description/bin'
[0.392s] INFO:colcon.colcon_core.shell:Creating package script '/home/jalan/auv_ws/src/auv_ros2/install/auv_description/share/auv_description/package.ps1'
[0.393s] INFO:colcon.colcon_core.shell:Creating package descriptor '/home/jalan/auv_ws/src/auv_ros2/install/auv_description/share/auv_description/package.dsv'
[0.393s] INFO:colcon.colcon_core.shell:Creating package script '/home/jalan/auv_ws/src/auv_ros2/install/auv_description/share/auv_description/package.sh'
[0.393s] INFO:colcon.colcon_core.shell:Creating package script '/home/jalan/auv_ws/src/auv_ros2/install/auv_description/share/auv_description/package.bash'
[0.394s] INFO:colcon.colcon_core.shell:Creating package script '/home/jalan/auv_ws/src/auv_ros2/install/auv_description/share/auv_description/package.zsh'
[0.394s] Level 1:colcon.colcon_core.environment:create_file_with_runtime_dependencies(/home/jalan/auv_ws/src/auv_ros2/install/auv_description/share/colcon-core/packages/auv_description)
[0.394s] Level 1:colcon.colcon_core.environment:create_environment_scripts_only(auv_bringup)
[0.394s] Level 1:colcon.colcon_core.environment:checking '/home/jalan/auv_ws/src/auv_ros2/install/auv_bringup' for CMake module files
[0.396s] DEBUG:colcon.colcon_core.event_handler.log_command:Invoked command in '/home/jalan/auv_ws/src/auv_ros2/build/auv_bringup' returned '0': CMAKE_PREFIX_PATH=/opt/ros/humble /usr/bin/cmake --install /home/jalan/auv_ws/src/auv_ros2/build/auv_bringup
[0.396s] Level 1:colcon.colcon_core.environment:checking '/home/jalan/auv_ws/src/auv_ros2/install/auv_bringup' for CMake config files
[0.397s] Level 1:colcon.colcon_core.shell:create_environment_hook('auv_bringup', 'cmake_prefix_path')
[0.397s] INFO:colcon.colcon_core.shell:Creating environment hook '/home/jalan/auv_ws/src/auv_ros2/install/auv_bringup/share/auv_bringup/hook/cmake_prefix_path.ps1'
[0.397s] INFO:colcon.colcon_core.shell:Creating environment descriptor '/home/jalan/auv_ws/src/auv_ros2/install/auv_bringup/share/auv_bringup/hook/cmake_prefix_path.dsv'
[0.398s] INFO:colcon.colcon_core.shell:Creating environment hook '/home/jalan/auv_ws/src/auv_ros2/install/auv_bringup/share/auv_bringup/hook/cmake_prefix_path.sh'
[0.398s] Level 1:colcon.colcon_core.environment:checking '/home/jalan/auv_ws/src/auv_ros2/install/auv_bringup/bin'
[0.398s] Level 1:colcon.colcon_core.environment:checking '/home/jalan/auv_ws/src/auv_ros2/install/auv_bringup/lib/pkgconfig/auv_bringup.pc'
[0.398s] Level 1:colcon.colcon_core.environment:checking '/home/jalan/auv_ws/src/auv_ros2/install/auv_bringup/lib/python3.10/site-packages'
[0.398s] Level 1:colcon.colcon_core.environment:checking '/home/jalan/auv_ws/src/auv_ros2/install/auv_bringup/bin'
[0.399s] INFO:colcon.colcon_core.shell:Creating package script '/home/jalan/auv_ws/src/auv_ros2/install/auv_bringup/share/auv_bringup/package.ps1'
[0.399s] INFO:colcon.colcon_core.shell:Creating package descriptor '/home/jalan/auv_ws/src/auv_ros2/install/auv_bringup/share/auv_bringup/package.dsv'
[0.399s] INFO:colcon.colcon_core.shell:Creating package script '/home/jalan/auv_ws/src/auv_ros2/install/auv_bringup/share/auv_bringup/package.sh'
[0.400s] INFO:colcon.colcon_core.shell:Creating package script '/home/jalan/auv_ws/src/auv_ros2/install/auv_bringup/share/auv_bringup/package.bash'
[0.400s] INFO:colcon.colcon_core.shell:Creating package script '/home/jalan/auv_ws/src/auv_ros2/install/auv_bringup/share/auv_bringup/package.zsh'
[0.400s] Level 1:colcon.colcon_core.environment:create_file_with_runtime_dependencies(/home/jalan/auv_ws/src/auv_ros2/install/auv_bringup/share/colcon-core/packages/auv_bringup)
[0.401s] Level 1:colcon.colcon_core.environment:create_environment_scripts_only(auv_bringup)
[0.401s] Level 1:colcon.colcon_core.environment:checking '/home/jalan/auv_ws/src/auv_ros2/install/auv_bringup' for CMake module files
[0.402s] Level 1:colcon.colcon_core.environment:checking '/home/jalan/auv_ws/src/auv_ros2/install/auv_bringup' for CMake config files
[0.403s] Level 1:colcon.colcon_core.shell:create_environment_hook('auv_bringup', 'cmake_prefix_path')
[0.403s] INFO:colcon.colcon_core.shell:Creating environment hook '/home/jalan/auv_ws/src/auv_ros2/install/auv_bringup/share/auv_bringup/hook/cmake_prefix_path.ps1'
[0.403s] INFO:colcon.colcon_core.shell:Creating environment descriptor '/home/jalan/auv_ws/src/auv_ros2/install/auv_bringup/share/auv_bringup/hook/cmake_prefix_path.dsv'
[0.404s] INFO:colcon.colcon_core.shell:Creating environment hook '/home/jalan/auv_ws/src/auv_ros2/install/auv_bringup/share/auv_bringup/hook/cmake_prefix_path.sh'
[0.405s] Level 1:colcon.colcon_core.environment:checking '/home/jalan/auv_ws/src/auv_ros2/install/auv_bringup/bin'
[0.405s] Level 1:colcon.colcon_core.environment:checking '/home/jalan/auv_ws/src/auv_ros2/install/auv_bringup/lib/pkgconfig/auv_bringup.pc'
[0.405s] Level 1:colcon.colcon_core.environment:checking '/home/jalan/auv_ws/src/auv_ros2/install/auv_bringup/lib/python3.10/site-packages'
[0.405s] Level 1:colcon.colcon_core.environment:checking '/home/jalan/auv_ws/src/auv_ros2/install/auv_bringup/bin'
[0.406s] INFO:colcon.colcon_core.shell:Creating package script '/home/jalan/auv_ws/src/auv_ros2/install/auv_bringup/share/auv_bringup/package.ps1'
[0.406s] INFO:colcon.colcon_core.shell:Creating package descriptor '/home/jalan/auv_ws/src/auv_ros2/install/auv_bringup/share/auv_bringup/package.dsv'
[0.407s] INFO:colcon.colcon_core.shell:Creating package script '/home/jalan/auv_ws/src/auv_ros2/install/auv_bringup/share/auv_bringup/package.sh'
[0.407s] INFO:colcon.colcon_core.shell:Creating package script '/home/jalan/auv_ws/src/auv_ros2/install/auv_bringup/share/auv_bringup/package.bash'
[0.408s] INFO:colcon.colcon_core.shell:Creating package script '/home/jalan/auv_ws/src/auv_ros2/install/auv_bringup/share/auv_bringup/package.zsh'
[0.409s] Level 1:colcon.colcon_core.environment:create_file_with_runtime_dependencies(/home/jalan/auv_ws/src/auv_ros2/install/auv_bringup/share/colcon-core/packages/auv_bringup)
[0.566s] Level 1:colcon.colcon_core.environment:create_environment_scripts_only(auv_autonomy)
[0.566s] DEBUG:colcon.colcon_core.event_handler.log_command:Invoked command in '/home/jalan/auv_ws/src/auv_ros2/build/auv_autonomy' returned '0': CMAKE_PREFIX_PATH=/opt/ros/humble /usr/bin/cmake --install /home/jalan/auv_ws/src/auv_ros2/build/auv_autonomy
[0.566s] Level 1:colcon.colcon_core.environment:checking '/home/jalan/auv_ws/src/auv_ros2/install/auv_autonomy' for CMake module files
[0.567s] Level 1:colcon.colcon_core.environment:checking '/home/jalan/auv_ws/src/auv_ros2/install/auv_autonomy' for CMake config files
[0.568s] Level 1:colcon.colcon_core.shell:create_environment_hook('auv_autonomy', 'cmake_prefix_path')
[0.568s] INFO:colcon.colcon_core.shell:Creating environment hook '/home/jalan/auv_ws/src/auv_ros2/install/auv_autonomy/share/auv_autonomy/hook/cmake_prefix_path.ps1'
[0.568s] INFO:colcon.colcon_core.shell:Creating environment descriptor '/home/jalan/auv_ws/src/auv_ros2/install/auv_autonomy/share/auv_autonomy/hook/cmake_prefix_path.dsv'
[0.569s] INFO:colcon.colcon_core.shell:Creating environment hook '/home/jalan/auv_ws/src/auv_ros2/install/auv_autonomy/share/auv_autonomy/hook/cmake_prefix_path.sh'
[0.569s] Level 1:colcon.colcon_core.environment:checking '/home/jalan/auv_ws/src/auv_ros2/install/auv_autonomy/lib'
[0.570s] Level 1:colcon.colcon_core.environment:checking '/home/jalan/auv_ws/src/auv_ros2/install/auv_autonomy/bin'
[0.570s] Level 1:colcon.colcon_core.environment:checking '/home/jalan/auv_ws/src/auv_ros2/install/auv_autonomy/lib/pkgconfig/auv_autonomy.pc'
[0.570s] Level 1:colcon.colcon_core.environment:checking '/home/jalan/auv_ws/src/auv_ros2/install/auv_autonomy/lib/python3.10/site-packages'
[0.570s] Level 1:colcon.colcon_core.environment:checking '/home/jalan/auv_ws/src/auv_ros2/install/auv_autonomy/bin'
[0.571s] INFO:colcon.colcon_core.shell:Creating package script '/home/jalan/auv_ws/src/auv_ros2/install/auv_autonomy/share/auv_autonomy/package.ps1'
[0.571s] INFO:colcon.colcon_core.shell:Creating package descriptor '/home/jalan/auv_ws/src/auv_ros2/install/auv_autonomy/share/auv_autonomy/package.dsv'
[0.572s] INFO:colcon.colcon_core.shell:Creating package script '/home/jalan/auv_ws/src/auv_ros2/install/auv_autonomy/share/auv_autonomy/package.sh'
[0.572s] INFO:colcon.colcon_core.shell:Creating package script '/home/jalan/auv_ws/src/auv_ros2/install/auv_autonomy/share/auv_autonomy/package.bash'
[0.573s] INFO:colcon.colcon_core.shell:Creating package script '/home/jalan/auv_ws/src/auv_ros2/install/auv_autonomy/share/auv_autonomy/package.zsh'
[0.573s] Level 1:colcon.colcon_core.environment:create_file_with_runtime_dependencies(/home/jalan/auv_ws/src/auv_ros2/install/auv_autonomy/share/colcon-core/packages/auv_autonomy)
[0.574s] Level 1:colcon.colcon_core.environment:create_environment_scripts_only(auv_autonomy)
[0.574s] Level 1:colcon.colcon_core.environment:checking '/home/jalan/auv_ws/src/auv_ros2/install/auv_autonomy' for CMake module files
[0.575s] Level 1:colcon.colcon_core.environment:checking '/home/jalan/auv_ws/src/auv_ros2/install/auv_autonomy' for CMake config files
[0.575s] Level 1:colcon.colcon_core.shell:create_environment_hook('auv_autonomy', 'cmake_prefix_path')
[0.576s] INFO:colcon.colcon_core.shell:Creating environment hook '/home/jalan/auv_ws/src/auv_ros2/install/auv_autonomy/share/auv_autonomy/hook/cmake_prefix_path.ps1'
[0.576s] INFO:colcon.colcon_core.shell:Creating environment descriptor '/home/jalan/auv_ws/src/auv_ros2/install/auv_autonomy/share/auv_autonomy/hook/cmake_prefix_path.dsv'
[0.577s] INFO:colcon.colcon_core.shell:Creating environment hook '/home/jalan/auv_ws/src/auv_ros2/install/auv_autonomy/share/auv_autonomy/hook/cmake_prefix_path.sh'
[0.577s] Level 1:colcon.colcon_core.environment:checking '/home/jalan/auv_ws/src/auv_ros2/install/auv_autonomy/lib'
[0.577s] Level 1:colcon.colcon_core.environment:checking '/home/jalan/auv_ws/src/auv_ros2/install/auv_autonomy/bin'
[0.577s] Level 1:colcon.colcon_core.environment:checking '/home/jalan/auv_ws/src/auv_ros2/install/auv_autonomy/lib/pkgconfig/auv_autonomy.pc'
[0.577s] Level 1:colcon.colcon_core.environment:checking '/home/jalan/auv_ws/src/auv_ros2/install/auv_autonomy/lib/python3.10/site-packages'
[0.578s] Level 1:colcon.colcon_core.environment:checking '/home/jalan/auv_ws/src/auv_ros2/install/auv_autonomy/bin'
[0.578s] INFO:colcon.colcon_core.shell:Creating package script '/home/jalan/auv_ws/src/auv_ros2/install/auv_autonomy/share/auv_autonomy/package.ps1'
[0.579s] INFO:colcon.colcon_core.shell:Creating package descriptor '/home/jalan/auv_ws/src/auv_ros2/install/auv_autonomy/share/auv_autonomy/package.dsv'
[0.579s] INFO:colcon.colcon_core.shell:Creating package script '/home/jalan/auv_ws/src/auv_ros2/install/auv_autonomy/share/auv_autonomy/package.sh'
[0.580s] INFO:colcon.colcon_core.shell:Creating package script '/home/jalan/auv_ws/src/auv_ros2/install/auv_autonomy/share/auv_autonomy/package.bash'
[0.580s] INFO:colcon.colcon_core.shell:Creating package script '/home/jalan/auv_ws/src/auv_ros2/install/auv_autonomy/share/auv_autonomy/package.zsh'
[0.581s] Level 1:colcon.colcon_core.environment:create_file_with_runtime_dependencies(/home/jalan/auv_ws/src/auv_ros2/install/auv_autonomy/share/colcon-core/packages/auv_autonomy)
[1.188s] DEBUG:colcon.colcon_core.event_handler.log_command:Invoked command in '/home/jalan/auv_ws/src/auv_ros2/build/auv_sensing' returned '2': CMAKE_PREFIX_PATH=/opt/ros/humble /usr/bin/cmake --build /home/jalan/auv_ws/src/auv_ros2/build/auv_sensing -- -j12 -l12
[1.189s] Level 1:colcon.colcon_core.environment:create_environment_scripts_only(auv_sensing)
[1.190s] Level 1:colcon.colcon_core.environment:checking '/home/jalan/auv_ws/src/auv_ros2/install/auv_sensing' for CMake module files
[1.190s] Level 1:colcon.colcon_core.environment:checking '/home/jalan/auv_ws/src/auv_ros2/install/auv_sensing' for CMake config files
[1.191s] Level 1:colcon.colcon_core.environment:checking '/home/jalan/auv_ws/src/auv_ros2/install/auv_sensing/bin'
[1.191s] Level 1:colcon.colcon_core.environment:checking '/home/jalan/auv_ws/src/auv_ros2/install/auv_sensing/lib/pkgconfig/auv_sensing.pc'
[1.191s] Level 1:colcon.colcon_core.environment:checking '/home/jalan/auv_ws/src/auv_ros2/install/auv_sensing/lib/python3.10/site-packages'
[1.192s] Level 1:colcon.colcon_core.environment:checking '/home/jalan/auv_ws/src/auv_ros2/install/auv_sensing/bin'
[1.192s] INFO:colcon.colcon_core.shell:Creating package script '/home/jalan/auv_ws/src/auv_ros2/install/auv_sensing/share/auv_sensing/package.ps1'
[1.193s] INFO:colcon.colcon_core.shell:Creating package descriptor '/home/jalan/auv_ws/src/auv_ros2/install/auv_sensing/share/auv_sensing/package.dsv'
[1.194s] INFO:colcon.colcon_core.shell:Creating package script '/home/jalan/auv_ws/src/auv_ros2/install/auv_sensing/share/auv_sensing/package.sh'
[1.195s] INFO:colcon.colcon_core.shell:Creating package script '/home/jalan/auv_ws/src/auv_ros2/install/auv_sensing/share/auv_sensing/package.bash'
[1.196s] INFO:colcon.colcon_core.shell:Creating package script '/home/jalan/auv_ws/src/auv_ros2/install/auv_sensing/share/auv_sensing/package.zsh'
[1.197s] Level 1:colcon.colcon_core.environment:create_file_with_runtime_dependencies(/home/jalan/auv_ws/src/auv_ros2/install/auv_sensing/share/colcon-core/packages/auv_sensing)
[1.208s] DEBUG:colcon.colcon_parallel_executor.executor.parallel:closing loop
[1.208s] DEBUG:colcon.colcon_parallel_executor.executor.parallel:loop closed
[1.208s] DEBUG:colcon.colcon_parallel_executor.executor.parallel:run_until_complete finished with '2'
[1.208s] DEBUG:colcon.colcon_core.event_reactor:joining thread
[1.222s] INFO:colcon.colcon_core.plugin_system:Skipping extension 'colcon_notification.desktop_notification.terminal_notifier': Not used on non-Darwin systems
[1.222s] INFO:colcon.colcon_core.plugin_system:Skipping extension 'colcon_notification.desktop_notification.win32': Not used on non-Windows systems
[1.223s] INFO:colcon.colcon_notification.desktop_notification:Sending desktop notification using 'notify2'
[1.243s] DEBUG:colcon.colcon_core.event_reactor:joined thread
[1.244s] INFO:colcon.colcon_core.shell:Creating prefix script '/home/jalan/auv_ws/src/auv_ros2/install/local_setup.ps1'
[1.246s] INFO:colcon.colcon_core.shell:Creating prefix util module '/home/jalan/auv_ws/src/auv_ros2/install/_local_setup_util_ps1.py'
[1.248s] INFO:colcon.colcon_core.shell:Creating prefix chain script '/home/jalan/auv_ws/src/auv_ros2/install/setup.ps1'
[1.249s] INFO:colcon.colcon_core.shell:Creating prefix script '/home/jalan/auv_ws/src/auv_ros2/install/local_setup.sh'
[1.250s] INFO:colcon.colcon_core.shell:Creating prefix util module '/home/jalan/auv_ws/src/auv_ros2/install/_local_setup_util_sh.py'
[1.251s] INFO:colcon.colcon_core.shell:Creating prefix chain script '/home/jalan/auv_ws/src/auv_ros2/install/setup.sh'
[1.253s] INFO:colcon.colcon_core.shell:Creating prefix script '/home/jalan/auv_ws/src/auv_ros2/install/local_setup.bash'
[1.254s] INFO:colcon.colcon_core.shell:Creating prefix chain script '/home/jalan/auv_ws/src/auv_ros2/install/setup.bash'
[1.256s] INFO:colcon.colcon_core.shell:Creating prefix script '/home/jalan/auv_ws/src/auv_ros2/install/local_setup.zsh'
[1.257s] INFO:colcon.colcon_core.shell:Creating prefix chain script '/home/jalan/auv_ws/src/auv_ros2/install/setup.zsh'
